2016-10-31 09:01:38  [ main:0 ] - [ INFO ]  MLog clients using log4j logging.
2016-10-31 09:01:38  [ main:254 ] - [ INFO ]  Initializing c3p0-0.9.1.2 [built 21-May-2007 15:04:56; debug? true; trace: 10]
2016-10-31 09:01:38  [ main:277 ] - [ DEBUG ]  MBean: com.mchange.v2.c3p0:type=PooledDataSource[2rxcz09k6qabnq10y6it2|1cd3bd82] registered.
2016-10-31 09:01:39  [ main:896 ] - [ DEBUG ]  incremented pending_acquires: 1
2016-10-31 09:01:39  [ main:896 ] - [ DEBUG ]  incremented pending_acquires: 2
2016-10-31 09:01:39  [ main:897 ] - [ DEBUG ]  incremented pending_acquires: 3
2016-10-31 09:01:39  [ main:897 ] - [ DEBUG ]  incremented pending_acquires: 4
2016-10-31 09:01:39  [ main:897 ] - [ DEBUG ]  incremented pending_acquires: 5
2016-10-31 09:01:39  [ main:897 ] - [ DEBUG ]  incremented pending_acquires: 6
2016-10-31 09:01:39  [ main:897 ] - [ DEBUG ]  incremented pending_acquires: 7
2016-10-31 09:01:39  [ main:897 ] - [ DEBUG ]  incremented pending_acquires: 8
2016-10-31 09:01:39  [ main:897 ] - [ DEBUG ]  incremented pending_acquires: 9
2016-10-31 09:01:39  [ main:897 ] - [ DEBUG ]  incremented pending_acquires: 10
2016-10-31 09:01:39  [ main:897 ] - [ DEBUG ]  com.mchange.v2.resourcepool.BasicResourcePool@46a17dca config: [start -> 3; min -> 10; max -> 30; inc -> 3; num_acq_attempts -> 5; acq_attempt_delay -> 1000; check_idle_resources_delay -> 0; mox_resource_age -> 0; max_idle_time -> 0; excess_max_idle_time -> 0; destroy_unreturned_resc_time -> 0; expiration_enforcement_delay -> 0; break_on_acquisition_failure -> false; debug_store_checkout_exceptions -> false]
2016-10-31 09:01:39  [ main:898 ] - [ INFO ]  Initializing c3p0 pool... com.mchange.v2.c3p0.ComboPooledDataSource [ acquireIncrement -> 3, acquireRetryAttempts -> 5, acquireRetryDelay -> 1000, autoCommitOnClose -> false, automaticTestTable -> null, breakAfterAcquireFailure -> false, checkoutTimeout -> 5000, connectionCustomizerClassName -> null, connectionTesterClassName -> com.mchange.v2.c3p0.impl.DefaultConnectionTester, dataSourceName -> 2rxcz09k6qabnq10y6it2|1cd3bd82, debugUnreturnedConnectionStackTraces -> false, description -> null, driverClass -> com.mysql.jdbc.Driver, factoryClassLocation -> null, forceIgnoreUnresolvedTransactions -> false, identityToken -> 2rxcz09k6qabnq10y6it2|1cd3bd82, idleConnectionTestPeriod -> 0, initialPoolSize -> 3, jdbcUrl -> jdbc:mysql://localhost:3306/lzx2005?useUnicode=true&characterEncoding=utf8, maxAdministrativeTaskTime -> 0, maxConnectionAge -> 0, maxIdleTime -> 0, maxIdleTimeExcessConnections -> 0, maxPoolSize -> 30, maxStatements -> 0, maxStatementsPerConnection -> 0, minPoolSize -> 10, numHelperThreads -> 3, numThreadsAwaitingCheckoutDefaultUser -> 0, preferredTestQuery -> null, properties -> {user=******, password=******}, propertyCycle -> 0, testConnectionOnCheckin -> false, testConnectionOnCheckout -> false, unreturnedConnectionTimeout -> 0, usesTraditionalReflectiveProxies -> false ]
2016-10-31 09:01:39  [ main:898 ] - [ DEBUG ]  acquire test -- pool size: 0; target_pool_size: 10; desired target? 1
2016-10-31 09:01:39  [ main:898 ] - [ DEBUG ]  awaitAvailable(): [unknown]
2016-10-31 09:01:39  [ main:898 ] - [ DEBUG ]  trace com.mchange.v2.resourcepool.BasicResourcePool@46a17dca [managed: 0, unused: 0, excluded: 0]
2016-10-31 09:01:39  [ com.mchange.v2.async.ThreadPoolAsynchronousRunner$PoolThread-#0:1198 ] - [ DEBUG ]  com.mchange.v2.c3p0.impl.C3P0PooledConnectionPool$1PooledConnectionResourcePoolManager@617e38e9.acquireResource() returning. 
2016-10-31 09:01:39  [ com.mchange.v2.async.ThreadPoolAsynchronousRunner$PoolThread-#1:1198 ] - [ DEBUG ]  com.mchange.v2.c3p0.impl.C3P0PooledConnectionPool$1PooledConnectionResourcePoolManager@617e38e9.acquireResource() returning. 
2016-10-31 09:01:39  [ com.mchange.v2.async.ThreadPoolAsynchronousRunner$PoolThread-#2:1198 ] - [ DEBUG ]  com.mchange.v2.c3p0.impl.C3P0PooledConnectionPool$1PooledConnectionResourcePoolManager@617e38e9.acquireResource() returning. 
2016-10-31 09:01:39  [ com.mchange.v2.async.ThreadPoolAsynchronousRunner$PoolThread-#0:1198 ] - [ DEBUG ]  trace com.mchange.v2.resourcepool.BasicResourcePool@46a17dca [managed: 1, unused: 1, excluded: 0]
2016-10-31 09:01:39  [ com.mchange.v2.async.ThreadPoolAsynchronousRunner$PoolThread-#0:1198 ] - [ DEBUG ]  decremented pending_acquires: 9
2016-10-31 09:01:39  [ main:1198 ] - [ DEBUG ]  trace com.mchange.v2.resourcepool.BasicResourcePool@46a17dca [managed: 1, unused: 0, excluded: 0] (e.g. com.mchange.v2.c3p0.impl.NewPooledConnection@4a745a4c)
2016-10-31 09:01:39  [ com.mchange.v2.async.ThreadPoolAsynchronousRunner$PoolThread-#2:1199 ] - [ DEBUG ]  trace com.mchange.v2.resourcepool.BasicResourcePool@46a17dca [managed: 2, unused: 1, excluded: 0] (e.g. com.mchange.v2.c3p0.impl.NewPooledConnection@4a745a4c)
2016-10-31 09:01:39  [ com.mchange.v2.async.ThreadPoolAsynchronousRunner$PoolThread-#2:1199 ] - [ DEBUG ]  decremented pending_acquires: 8
2016-10-31 09:01:39  [ com.mchange.v2.async.ThreadPoolAsynchronousRunner$PoolThread-#1:1200 ] - [ DEBUG ]  trace com.mchange.v2.resourcepool.BasicResourcePool@46a17dca [managed: 3, unused: 2, excluded: 0] (e.g. com.mchange.v2.c3p0.impl.NewPooledConnection@4a745a4c)
2016-10-31 09:01:39  [ com.mchange.v2.async.ThreadPoolAsynchronousRunner$PoolThread-#1:1200 ] - [ DEBUG ]  decremented pending_acquires: 7
2016-10-31 09:01:39  [ com.mchange.v2.async.ThreadPoolAsynchronousRunner$PoolThread-#0:1207 ] - [ DEBUG ]  com.mchange.v2.c3p0.impl.C3P0PooledConnectionPool$1PooledConnectionResourcePoolManager@617e38e9.acquireResource() returning. 
2016-10-31 09:01:39  [ com.mchange.v2.async.ThreadPoolAsynchronousRunner$PoolThread-#0:1207 ] - [ DEBUG ]  trace com.mchange.v2.resourcepool.BasicResourcePool@46a17dca [managed: 4, unused: 3, excluded: 0] (e.g. com.mchange.v2.c3p0.impl.NewPooledConnection@4a745a4c)
2016-10-31 09:01:39  [ com.mchange.v2.async.ThreadPoolAsynchronousRunner$PoolThread-#0:1207 ] - [ DEBUG ]  decremented pending_acquires: 6
2016-10-31 09:01:39  [ com.mchange.v2.async.ThreadPoolAsynchronousRunner$PoolThread-#2:1214 ] - [ DEBUG ]  com.mchange.v2.c3p0.impl.C3P0PooledConnectionPool$1PooledConnectionResourcePoolManager@617e38e9.acquireResource() returning. 
2016-10-31 09:01:39  [ com.mchange.v2.async.ThreadPoolAsynchronousRunner$PoolThread-#2:1214 ] - [ DEBUG ]  trace com.mchange.v2.resourcepool.BasicResourcePool@46a17dca [managed: 5, unused: 4, excluded: 0] (e.g. com.mchange.v2.c3p0.impl.NewPooledConnection@4a745a4c)
2016-10-31 09:01:39  [ com.mchange.v2.async.ThreadPoolAsynchronousRunner$PoolThread-#2:1214 ] - [ DEBUG ]  decremented pending_acquires: 5
2016-10-31 09:01:39  [ com.mchange.v2.async.ThreadPoolAsynchronousRunner$PoolThread-#1:1223 ] - [ DEBUG ]  com.mchange.v2.c3p0.impl.C3P0PooledConnectionPool$1PooledConnectionResourcePoolManager@617e38e9.acquireResource() returning. 
2016-10-31 09:01:39  [ com.mchange.v2.async.ThreadPoolAsynchronousRunner$PoolThread-#1:1223 ] - [ DEBUG ]  trace com.mchange.v2.resourcepool.BasicResourcePool@46a17dca [managed: 6, unused: 5, excluded: 0] (e.g. com.mchange.v2.c3p0.impl.NewPooledConnection@4a745a4c)
2016-10-31 09:01:39  [ com.mchange.v2.async.ThreadPoolAsynchronousRunner$PoolThread-#1:1223 ] - [ DEBUG ]  decremented pending_acquires: 4
2016-10-31 09:01:39  [ com.mchange.v2.async.ThreadPoolAsynchronousRunner$PoolThread-#0:1223 ] - [ DEBUG ]  com.mchange.v2.c3p0.impl.C3P0PooledConnectionPool$1PooledConnectionResourcePoolManager@617e38e9.acquireResource() returning. 
2016-10-31 09:01:39  [ com.mchange.v2.async.ThreadPoolAsynchronousRunner$PoolThread-#0:1224 ] - [ DEBUG ]  trace com.mchange.v2.resourcepool.BasicResourcePool@46a17dca [managed: 7, unused: 6, excluded: 0] (e.g. com.mchange.v2.c3p0.impl.NewPooledConnection@4a745a4c)
2016-10-31 09:01:39  [ com.mchange.v2.async.ThreadPoolAsynchronousRunner$PoolThread-#0:1224 ] - [ DEBUG ]  decremented pending_acquires: 3
2016-10-31 09:01:39  [ com.mchange.v2.async.ThreadPoolAsynchronousRunner$PoolThread-#2:1231 ] - [ DEBUG ]  com.mchange.v2.c3p0.impl.C3P0PooledConnectionPool$1PooledConnectionResourcePoolManager@617e38e9.acquireResource() returning. 
2016-10-31 09:01:39  [ com.mchange.v2.async.ThreadPoolAsynchronousRunner$PoolThread-#2:1231 ] - [ DEBUG ]  trace com.mchange.v2.resourcepool.BasicResourcePool@46a17dca [managed: 8, unused: 7, excluded: 0] (e.g. com.mchange.v2.c3p0.impl.NewPooledConnection@4a745a4c)
2016-10-31 09:01:39  [ com.mchange.v2.async.ThreadPoolAsynchronousRunner$PoolThread-#2:1231 ] - [ DEBUG ]  decremented pending_acquires: 2
2016-10-31 09:01:39  [ com.mchange.v2.async.ThreadPoolAsynchronousRunner$PoolThread-#1:1239 ] - [ DEBUG ]  com.mchange.v2.c3p0.impl.C3P0PooledConnectionPool$1PooledConnectionResourcePoolManager@617e38e9.acquireResource() returning. 
2016-10-31 09:01:39  [ com.mchange.v2.async.ThreadPoolAsynchronousRunner$PoolThread-#1:1239 ] - [ DEBUG ]  trace com.mchange.v2.resourcepool.BasicResourcePool@46a17dca [managed: 9, unused: 8, excluded: 0] (e.g. com.mchange.v2.c3p0.impl.NewPooledConnection@4a745a4c)
2016-10-31 09:01:39  [ com.mchange.v2.async.ThreadPoolAsynchronousRunner$PoolThread-#1:1239 ] - [ DEBUG ]  decremented pending_acquires: 1
2016-10-31 09:01:39  [ com.mchange.v2.async.ThreadPoolAsynchronousRunner$PoolThread-#0:1244 ] - [ DEBUG ]  com.mchange.v2.c3p0.impl.C3P0PooledConnectionPool$1PooledConnectionResourcePoolManager@617e38e9.acquireResource() returning. 
2016-10-31 09:01:39  [ main:1244 ] - [ DEBUG ]  trace com.mchange.v2.resourcepool.BasicResourcePool@46a17dca [managed: 9, unused: 8, excluded: 0] (e.g. com.mchange.v2.c3p0.impl.NewPooledConnection@4a745a4c)
2016-10-31 09:01:39  [ com.mchange.v2.async.ThreadPoolAsynchronousRunner$PoolThread-#0:1244 ] - [ DEBUG ]  trace com.mchange.v2.resourcepool.BasicResourcePool@46a17dca [managed: 10, unused: 10, excluded: 0] (e.g. com.mchange.v2.c3p0.impl.NewPooledConnection@4a745a4c)
2016-10-31 09:01:39  [ com.mchange.v2.async.ThreadPoolAsynchronousRunner$PoolThread-#0:1244 ] - [ DEBUG ]  decremented pending_acquires: 0
2016-10-31 09:02:15  [ main:0 ] - [ INFO ]  MLog clients using log4j logging.
2016-10-31 09:02:15  [ main:143 ] - [ INFO ]  Initializing c3p0-0.9.1.2 [built 21-May-2007 15:04:56; debug? true; trace: 10]
2016-10-31 09:02:15  [ main:174 ] - [ DEBUG ]  MBean: com.mchange.v2.c3p0:type=PooledDataSource[2rxcz09k6qb48e1pj25n0|1cd3bd82] registered.
2016-10-31 09:02:16  [ main:592 ] - [ DEBUG ]  incremented pending_acquires: 1
2016-10-31 09:02:16  [ main:592 ] - [ DEBUG ]  incremented pending_acquires: 2
2016-10-31 09:02:16  [ main:592 ] - [ DEBUG ]  incremented pending_acquires: 3
2016-10-31 09:02:16  [ main:592 ] - [ DEBUG ]  incremented pending_acquires: 4
2016-10-31 09:02:16  [ main:592 ] - [ DEBUG ]  incremented pending_acquires: 5
2016-10-31 09:02:16  [ main:592 ] - [ DEBUG ]  incremented pending_acquires: 6
2016-10-31 09:02:16  [ main:592 ] - [ DEBUG ]  incremented pending_acquires: 7
2016-10-31 09:02:16  [ main:592 ] - [ DEBUG ]  incremented pending_acquires: 8
2016-10-31 09:02:16  [ main:592 ] - [ DEBUG ]  incremented pending_acquires: 9
2016-10-31 09:02:16  [ main:592 ] - [ DEBUG ]  incremented pending_acquires: 10
2016-10-31 09:02:16  [ main:592 ] - [ DEBUG ]  com.mchange.v2.resourcepool.BasicResourcePool@6a95aad3 config: [start -> 3; min -> 10; max -> 30; inc -> 3; num_acq_attempts -> 5; acq_attempt_delay -> 1000; check_idle_resources_delay -> 0; mox_resource_age -> 0; max_idle_time -> 0; excess_max_idle_time -> 0; destroy_unreturned_resc_time -> 0; expiration_enforcement_delay -> 0; break_on_acquisition_failure -> false; debug_store_checkout_exceptions -> false]
2016-10-31 09:02:16  [ main:593 ] - [ INFO ]  Initializing c3p0 pool... com.mchange.v2.c3p0.ComboPooledDataSource [ acquireIncrement -> 3, acquireRetryAttempts -> 5, acquireRetryDelay -> 1000, autoCommitOnClose -> false, automaticTestTable -> null, breakAfterAcquireFailure -> false, checkoutTimeout -> 5000, connectionCustomizerClassName -> null, connectionTesterClassName -> com.mchange.v2.c3p0.impl.DefaultConnectionTester, dataSourceName -> 2rxcz09k6qb48e1pj25n0|1cd3bd82, debugUnreturnedConnectionStackTraces -> false, description -> null, driverClass -> com.mysql.jdbc.Driver, factoryClassLocation -> null, forceIgnoreUnresolvedTransactions -> false, identityToken -> 2rxcz09k6qb48e1pj25n0|1cd3bd82, idleConnectionTestPeriod -> 0, initialPoolSize -> 3, jdbcUrl -> jdbc:mysql://localhost:3306/lzx2005?useUnicode=true&characterEncoding=utf8, maxAdministrativeTaskTime -> 0, maxConnectionAge -> 0, maxIdleTime -> 0, maxIdleTimeExcessConnections -> 0, maxPoolSize -> 30, maxStatements -> 0, maxStatementsPerConnection -> 0, minPoolSize -> 10, numHelperThreads -> 3, numThreadsAwaitingCheckoutDefaultUser -> 0, preferredTestQuery -> null, properties -> {user=******, password=******}, propertyCycle -> 0, testConnectionOnCheckin -> false, testConnectionOnCheckout -> false, unreturnedConnectionTimeout -> 0, usesTraditionalReflectiveProxies -> false ]
2016-10-31 09:02:16  [ main:593 ] - [ DEBUG ]  acquire test -- pool size: 0; target_pool_size: 10; desired target? 1
2016-10-31 09:02:16  [ main:593 ] - [ DEBUG ]  awaitAvailable(): [unknown]
2016-10-31 09:02:16  [ main:593 ] - [ DEBUG ]  trace com.mchange.v2.resourcepool.BasicResourcePool@6a95aad3 [managed: 0, unused: 0, excluded: 0]
2016-10-31 09:02:16  [ com.mchange.v2.async.ThreadPoolAsynchronousRunner$PoolThread-#1:764 ] - [ DEBUG ]  com.mchange.v2.c3p0.impl.C3P0PooledConnectionPool$1PooledConnectionResourcePoolManager@2415f18c.acquireResource() returning. 
2016-10-31 09:02:16  [ com.mchange.v2.async.ThreadPoolAsynchronousRunner$PoolThread-#2:764 ] - [ DEBUG ]  com.mchange.v2.c3p0.impl.C3P0PooledConnectionPool$1PooledConnectionResourcePoolManager@2415f18c.acquireResource() returning. 
2016-10-31 09:02:16  [ com.mchange.v2.async.ThreadPoolAsynchronousRunner$PoolThread-#0:764 ] - [ DEBUG ]  com.mchange.v2.c3p0.impl.C3P0PooledConnectionPool$1PooledConnectionResourcePoolManager@2415f18c.acquireResource() returning. 
2016-10-31 09:02:16  [ com.mchange.v2.async.ThreadPoolAsynchronousRunner$PoolThread-#1:764 ] - [ DEBUG ]  trace com.mchange.v2.resourcepool.BasicResourcePool@6a95aad3 [managed: 1, unused: 1, excluded: 0]
2016-10-31 09:02:16  [ com.mchange.v2.async.ThreadPoolAsynchronousRunner$PoolThread-#0:764 ] - [ DEBUG ]  trace com.mchange.v2.resourcepool.BasicResourcePool@6a95aad3 [managed: 2, unused: 1, excluded: 0] (e.g. com.mchange.v2.c3p0.impl.NewPooledConnection@1b3c0cef)
2016-10-31 09:02:16  [ com.mchange.v2.async.ThreadPoolAsynchronousRunner$PoolThread-#0:764 ] - [ DEBUG ]  decremented pending_acquires: 9
2016-10-31 09:02:16  [ com.mchange.v2.async.ThreadPoolAsynchronousRunner$PoolThread-#2:764 ] - [ DEBUG ]  trace com.mchange.v2.resourcepool.BasicResourcePool@6a95aad3 [managed: 3, unused: 2, excluded: 0] (e.g. com.mchange.v2.c3p0.impl.NewPooledConnection@1b3c0cef)
2016-10-31 09:02:16  [ com.mchange.v2.async.ThreadPoolAsynchronousRunner$PoolThread-#2:764 ] - [ DEBUG ]  decremented pending_acquires: 8
2016-10-31 09:02:16  [ com.mchange.v2.async.ThreadPoolAsynchronousRunner$PoolThread-#1:764 ] - [ DEBUG ]  decremented pending_acquires: 7
2016-10-31 09:02:16  [ main:764 ] - [ DEBUG ]  trace com.mchange.v2.resourcepool.BasicResourcePool@6a95aad3 [managed: 3, unused: 2, excluded: 0] (e.g. com.mchange.v2.c3p0.impl.NewPooledConnection@1b3c0cef)
2016-10-31 09:02:16  [ com.mchange.v2.async.ThreadPoolAsynchronousRunner$PoolThread-#0:771 ] - [ DEBUG ]  com.mchange.v2.c3p0.impl.C3P0PooledConnectionPool$1PooledConnectionResourcePoolManager@2415f18c.acquireResource() returning. 
2016-10-31 09:02:16  [ com.mchange.v2.async.ThreadPoolAsynchronousRunner$PoolThread-#0:771 ] - [ DEBUG ]  trace com.mchange.v2.resourcepool.BasicResourcePool@6a95aad3 [managed: 4, unused: 3, excluded: 0] (e.g. com.mchange.v2.c3p0.impl.NewPooledConnection@1b3c0cef)
2016-10-31 09:02:16  [ com.mchange.v2.async.ThreadPoolAsynchronousRunner$PoolThread-#0:771 ] - [ DEBUG ]  decremented pending_acquires: 6
2016-10-31 09:02:16  [ com.mchange.v2.async.ThreadPoolAsynchronousRunner$PoolThread-#2:777 ] - [ DEBUG ]  com.mchange.v2.c3p0.impl.C3P0PooledConnectionPool$1PooledConnectionResourcePoolManager@2415f18c.acquireResource() returning. 
2016-10-31 09:02:16  [ com.mchange.v2.async.ThreadPoolAsynchronousRunner$PoolThread-#2:777 ] - [ DEBUG ]  trace com.mchange.v2.resourcepool.BasicResourcePool@6a95aad3 [managed: 5, unused: 4, excluded: 0] (e.g. com.mchange.v2.c3p0.impl.NewPooledConnection@1b3c0cef)
2016-10-31 09:02:16  [ com.mchange.v2.async.ThreadPoolAsynchronousRunner$PoolThread-#2:777 ] - [ DEBUG ]  decremented pending_acquires: 5
2016-10-31 09:02:16  [ com.mchange.v2.async.ThreadPoolAsynchronousRunner$PoolThread-#1:780 ] - [ DEBUG ]  com.mchange.v2.c3p0.impl.C3P0PooledConnectionPool$1PooledConnectionResourcePoolManager@2415f18c.acquireResource() returning. 
2016-10-31 09:02:16  [ com.mchange.v2.async.ThreadPoolAsynchronousRunner$PoolThread-#1:780 ] - [ DEBUG ]  trace com.mchange.v2.resourcepool.BasicResourcePool@6a95aad3 [managed: 6, unused: 5, excluded: 0] (e.g. com.mchange.v2.c3p0.impl.NewPooledConnection@1b3c0cef)
2016-10-31 09:02:16  [ com.mchange.v2.async.ThreadPoolAsynchronousRunner$PoolThread-#1:780 ] - [ DEBUG ]  decremented pending_acquires: 4
2016-10-31 09:02:16  [ com.mchange.v2.async.ThreadPoolAsynchronousRunner$PoolThread-#0:783 ] - [ DEBUG ]  com.mchange.v2.c3p0.impl.C3P0PooledConnectionPool$1PooledConnectionResourcePoolManager@2415f18c.acquireResource() returning. 
2016-10-31 09:02:16  [ com.mchange.v2.async.ThreadPoolAsynchronousRunner$PoolThread-#0:783 ] - [ DEBUG ]  trace com.mchange.v2.resourcepool.BasicResourcePool@6a95aad3 [managed: 7, unused: 6, excluded: 0] (e.g. com.mchange.v2.c3p0.impl.NewPooledConnection@1b3c0cef)
2016-10-31 09:02:16  [ com.mchange.v2.async.ThreadPoolAsynchronousRunner$PoolThread-#0:783 ] - [ DEBUG ]  decremented pending_acquires: 3
2016-10-31 09:02:16  [ com.mchange.v2.async.ThreadPoolAsynchronousRunner$PoolThread-#2:785 ] - [ DEBUG ]  com.mchange.v2.c3p0.impl.C3P0PooledConnectionPool$1PooledConnectionResourcePoolManager@2415f18c.acquireResource() returning. 
2016-10-31 09:02:16  [ com.mchange.v2.async.ThreadPoolAsynchronousRunner$PoolThread-#2:785 ] - [ DEBUG ]  trace com.mchange.v2.resourcepool.BasicResourcePool@6a95aad3 [managed: 8, unused: 7, excluded: 0] (e.g. com.mchange.v2.c3p0.impl.NewPooledConnection@1b3c0cef)
2016-10-31 09:02:16  [ com.mchange.v2.async.ThreadPoolAsynchronousRunner$PoolThread-#2:785 ] - [ DEBUG ]  decremented pending_acquires: 2
2016-10-31 09:02:16  [ com.mchange.v2.async.ThreadPoolAsynchronousRunner$PoolThread-#1:787 ] - [ DEBUG ]  com.mchange.v2.c3p0.impl.C3P0PooledConnectionPool$1PooledConnectionResourcePoolManager@2415f18c.acquireResource() returning. 
2016-10-31 09:02:16  [ com.mchange.v2.async.ThreadPoolAsynchronousRunner$PoolThread-#1:787 ] - [ DEBUG ]  trace com.mchange.v2.resourcepool.BasicResourcePool@6a95aad3 [managed: 9, unused: 8, excluded: 0] (e.g. com.mchange.v2.c3p0.impl.NewPooledConnection@1b3c0cef)
2016-10-31 09:02:16  [ com.mchange.v2.async.ThreadPoolAsynchronousRunner$PoolThread-#1:787 ] - [ DEBUG ]  decremented pending_acquires: 1
2016-10-31 09:02:16  [ com.mchange.v2.async.ThreadPoolAsynchronousRunner$PoolThread-#0:789 ] - [ DEBUG ]  com.mchange.v2.c3p0.impl.C3P0PooledConnectionPool$1PooledConnectionResourcePoolManager@2415f18c.acquireResource() returning. 
2016-10-31 09:02:16  [ com.mchange.v2.async.ThreadPoolAsynchronousRunner$PoolThread-#0:789 ] - [ DEBUG ]  trace com.mchange.v2.resourcepool.BasicResourcePool@6a95aad3 [managed: 10, unused: 9, excluded: 0] (e.g. com.mchange.v2.c3p0.impl.NewPooledConnection@1b3c0cef)
2016-10-31 09:02:16  [ com.mchange.v2.async.ThreadPoolAsynchronousRunner$PoolThread-#0:789 ] - [ DEBUG ]  decremented pending_acquires: 0
2016-10-31 09:02:16  [ main:802 ] - [ DEBUG ]  com.mchange.v2.c3p0.impl.NewPooledConnection@1b3c0cef handling a throwable.
com.mysql.jdbc.exceptions.jdbc4.MySQLSyntaxErrorException: You have an error in your SQL syntax; check the manual that corresponds to your MySQL server version for the right syntax to use near 'desc,content,blog_type,markdown)
        VALUES ('测试标题WithMarkdown','lzx' at line 1
	at sun.reflect.NativeConstructorAccessorImpl.newInstance0(Native Method)
	at sun.reflect.NativeConstructorAccessorImpl.newInstance(NativeConstructorAccessorImpl.java:57)
	at sun.reflect.DelegatingConstructorAccessorImpl.newInstance(DelegatingConstructorAccessorImpl.java:45)
	at java.lang.reflect.Constructor.newInstance(Constructor.java:526)
	at com.mysql.jdbc.Util.handleNewInstance(Util.java:389)
	at com.mysql.jdbc.Util.getInstance(Util.java:372)
	at com.mysql.jdbc.SQLError.createSQLException(SQLError.java:980)
	at com.mysql.jdbc.MysqlIO.checkErrorPacket(MysqlIO.java:3835)
	at com.mysql.jdbc.MysqlIO.checkErrorPacket(MysqlIO.java:3771)
	at com.mysql.jdbc.MysqlIO.sendCommand(MysqlIO.java:2435)
	at com.mysql.jdbc.MysqlIO.sqlQueryDirect(MysqlIO.java:2582)
	at com.mysql.jdbc.ConnectionImpl.execSQL(ConnectionImpl.java:2535)
	at com.mysql.jdbc.PreparedStatement.executeInternal(PreparedStatement.java:1911)
	at com.mysql.jdbc.PreparedStatement.execute(PreparedStatement.java:1203)
	at com.mchange.v2.c3p0.impl.NewProxyPreparedStatement.execute(NewProxyPreparedStatement.java:989)
	at sun.reflect.NativeMethodAccessorImpl.invoke0(Native Method)
	at sun.reflect.NativeMethodAccessorImpl.invoke(NativeMethodAccessorImpl.java:57)
	at sun.reflect.DelegatingMethodAccessorImpl.invoke(DelegatingMethodAccessorImpl.java:43)
	at java.lang.reflect.Method.invoke(Method.java:606)
	at org.apache.ibatis.logging.jdbc.PreparedStatementLogger.invoke(PreparedStatementLogger.java:59)
	at com.sun.proxy.$Proxy16.execute(Unknown Source)
	at org.apache.ibatis.executor.statement.PreparedStatementHandler.update(PreparedStatementHandler.java:45)
	at org.apache.ibatis.executor.statement.RoutingStatementHandler.update(RoutingStatementHandler.java:73)
	at org.apache.ibatis.executor.SimpleExecutor.doUpdate(SimpleExecutor.java:49)
	at org.apache.ibatis.executor.BaseExecutor.update(BaseExecutor.java:115)
	at org.apache.ibatis.executor.CachingExecutor.update(CachingExecutor.java:75)
	at org.apache.ibatis.session.defaults.DefaultSqlSession.update(DefaultSqlSession.java:170)
	at org.apache.ibatis.session.defaults.DefaultSqlSession.insert(DefaultSqlSession.java:157)
	at sun.reflect.NativeMethodAccessorImpl.invoke0(Native Method)
	at sun.reflect.NativeMethodAccessorImpl.invoke(NativeMethodAccessorImpl.java:57)
	at sun.reflect.DelegatingMethodAccessorImpl.invoke(DelegatingMethodAccessorImpl.java:43)
	at java.lang.reflect.Method.invoke(Method.java:606)
	at org.mybatis.spring.SqlSessionTemplate$SqlSessionInterceptor.invoke(SqlSessionTemplate.java:386)
	at com.sun.proxy.$Proxy12.insert(Unknown Source)
	at org.mybatis.spring.SqlSessionTemplate.insert(SqlSessionTemplate.java:253)
	at org.apache.ibatis.binding.MapperMethod.execute(MapperMethod.java:52)
	at org.apache.ibatis.binding.MapperProxy.invoke(MapperProxy.java:53)
	at com.sun.proxy.$Proxy13.insertBlogWithMarkdown(Unknown Source)
	at com.lzx2005.dao.BlogDaoTest.insertBlogWithMarkdown(BlogDaoTest.java:32)
	at sun.reflect.NativeMethodAccessorImpl.invoke0(Native Method)
	at sun.reflect.NativeMethodAccessorImpl.invoke(NativeMethodAccessorImpl.java:57)
	at sun.reflect.DelegatingMethodAccessorImpl.invoke(DelegatingMethodAccessorImpl.java:43)
	at java.lang.reflect.Method.invoke(Method.java:606)
	at org.junit.runners.model.FrameworkMethod$1.runReflectiveCall(FrameworkMethod.java:47)
	at org.junit.internal.runners.model.ReflectiveCallable.run(ReflectiveCallable.java:12)
	at org.junit.runners.model.FrameworkMethod.invokeExplosively(FrameworkMethod.java:44)
	at org.junit.internal.runners.statements.InvokeMethod.evaluate(InvokeMethod.java:17)
	at org.springframework.test.context.junit4.statements.RunBeforeTestMethodCallbacks.evaluate(RunBeforeTestMethodCallbacks.java:73)
	at org.springframework.test.context.junit4.statements.RunAfterTestMethodCallbacks.evaluate(RunAfterTestMethodCallbacks.java:82)
	at org.springframework.test.context.junit4.statements.SpringRepeat.evaluate(SpringRepeat.java:73)
	at org.junit.runners.ParentRunner.runLeaf(ParentRunner.java:271)
	at org.springframework.test.context.junit4.SpringJUnit4ClassRunner.runChild(SpringJUnit4ClassRunner.java:224)
	at org.springframework.test.context.junit4.SpringJUnit4ClassRunner.runChild(SpringJUnit4ClassRunner.java:83)
	at org.junit.runners.ParentRunner$3.run(ParentRunner.java:238)
	at org.junit.runners.ParentRunner$1.schedule(ParentRunner.java:63)
	at org.junit.runners.ParentRunner.runChildren(ParentRunner.java:236)
	at org.junit.runners.ParentRunner.access$000(ParentRunner.java:53)
	at org.junit.runners.ParentRunner$2.evaluate(ParentRunner.java:229)
	at org.springframework.test.context.junit4.statements.RunBeforeTestClassCallbacks.evaluate(RunBeforeTestClassCallbacks.java:61)
	at org.springframework.test.context.junit4.statements.RunAfterTestClassCallbacks.evaluate(RunAfterTestClassCallbacks.java:68)
	at org.junit.runners.ParentRunner.run(ParentRunner.java:309)
	at org.springframework.test.context.junit4.SpringJUnit4ClassRunner.run(SpringJUnit4ClassRunner.java:163)
	at org.junit.runner.JUnitCore.run(JUnitCore.java:160)
	at com.intellij.junit4.JUnit4IdeaTestRunner.startRunnerWithArgs(JUnit4IdeaTestRunner.java:117)
	at com.intellij.junit4.JUnit4IdeaTestRunner.startRunnerWithArgs(JUnit4IdeaTestRunner.java:42)
	at com.intellij.rt.execution.junit.JUnitStarter.prepareStreamsAndStart(JUnitStarter.java:262)
	at com.intellij.rt.execution.junit.JUnitStarter.main(JUnitStarter.java:84)
	at sun.reflect.NativeMethodAccessorImpl.invoke0(Native Method)
	at sun.reflect.NativeMethodAccessorImpl.invoke(NativeMethodAccessorImpl.java:57)
	at sun.reflect.DelegatingMethodAccessorImpl.invoke(DelegatingMethodAccessorImpl.java:43)
	at java.lang.reflect.Method.invoke(Method.java:606)
	at com.intellij.rt.execution.application.AppMain.main(AppMain.java:147)
2016-10-31 09:02:16  [ main:804 ] - [ DEBUG ]  Attempted to convert SQLException to SQLException. Leaving it alone. [SQLState: 42000; errorCode: 1064]
com.mysql.jdbc.exceptions.jdbc4.MySQLSyntaxErrorException: You have an error in your SQL syntax; check the manual that corresponds to your MySQL server version for the right syntax to use near 'desc,content,blog_type,markdown)
        VALUES ('测试标题WithMarkdown','lzx' at line 1
	at sun.reflect.NativeConstructorAccessorImpl.newInstance0(Native Method)
	at sun.reflect.NativeConstructorAccessorImpl.newInstance(NativeConstructorAccessorImpl.java:57)
	at sun.reflect.DelegatingConstructorAccessorImpl.newInstance(DelegatingConstructorAccessorImpl.java:45)
	at java.lang.reflect.Constructor.newInstance(Constructor.java:526)
	at com.mysql.jdbc.Util.handleNewInstance(Util.java:389)
	at com.mysql.jdbc.Util.getInstance(Util.java:372)
	at com.mysql.jdbc.SQLError.createSQLException(SQLError.java:980)
	at com.mysql.jdbc.MysqlIO.checkErrorPacket(MysqlIO.java:3835)
	at com.mysql.jdbc.MysqlIO.checkErrorPacket(MysqlIO.java:3771)
	at com.mysql.jdbc.MysqlIO.sendCommand(MysqlIO.java:2435)
	at com.mysql.jdbc.MysqlIO.sqlQueryDirect(MysqlIO.java:2582)
	at com.mysql.jdbc.ConnectionImpl.execSQL(ConnectionImpl.java:2535)
	at com.mysql.jdbc.PreparedStatement.executeInternal(PreparedStatement.java:1911)
	at com.mysql.jdbc.PreparedStatement.execute(PreparedStatement.java:1203)
	at com.mchange.v2.c3p0.impl.NewProxyPreparedStatement.execute(NewProxyPreparedStatement.java:989)
	at sun.reflect.NativeMethodAccessorImpl.invoke0(Native Method)
	at sun.reflect.NativeMethodAccessorImpl.invoke(NativeMethodAccessorImpl.java:57)
	at sun.reflect.DelegatingMethodAccessorImpl.invoke(DelegatingMethodAccessorImpl.java:43)
	at java.lang.reflect.Method.invoke(Method.java:606)
	at org.apache.ibatis.logging.jdbc.PreparedStatementLogger.invoke(PreparedStatementLogger.java:59)
	at com.sun.proxy.$Proxy16.execute(Unknown Source)
	at org.apache.ibatis.executor.statement.PreparedStatementHandler.update(PreparedStatementHandler.java:45)
	at org.apache.ibatis.executor.statement.RoutingStatementHandler.update(RoutingStatementHandler.java:73)
	at org.apache.ibatis.executor.SimpleExecutor.doUpdate(SimpleExecutor.java:49)
	at org.apache.ibatis.executor.BaseExecutor.update(BaseExecutor.java:115)
	at org.apache.ibatis.executor.CachingExecutor.update(CachingExecutor.java:75)
	at org.apache.ibatis.session.defaults.DefaultSqlSession.update(DefaultSqlSession.java:170)
	at org.apache.ibatis.session.defaults.DefaultSqlSession.insert(DefaultSqlSession.java:157)
	at sun.reflect.NativeMethodAccessorImpl.invoke0(Native Method)
	at sun.reflect.NativeMethodAccessorImpl.invoke(NativeMethodAccessorImpl.java:57)
	at sun.reflect.DelegatingMethodAccessorImpl.invoke(DelegatingMethodAccessorImpl.java:43)
	at java.lang.reflect.Method.invoke(Method.java:606)
	at org.mybatis.spring.SqlSessionTemplate$SqlSessionInterceptor.invoke(SqlSessionTemplate.java:386)
	at com.sun.proxy.$Proxy12.insert(Unknown Source)
	at org.mybatis.spring.SqlSessionTemplate.insert(SqlSessionTemplate.java:253)
	at org.apache.ibatis.binding.MapperMethod.execute(MapperMethod.java:52)
	at org.apache.ibatis.binding.MapperProxy.invoke(MapperProxy.java:53)
	at com.sun.proxy.$Proxy13.insertBlogWithMarkdown(Unknown Source)
	at com.lzx2005.dao.BlogDaoTest.insertBlogWithMarkdown(BlogDaoTest.java:32)
	at sun.reflect.NativeMethodAccessorImpl.invoke0(Native Method)
	at sun.reflect.NativeMethodAccessorImpl.invoke(NativeMethodAccessorImpl.java:57)
	at sun.reflect.DelegatingMethodAccessorImpl.invoke(DelegatingMethodAccessorImpl.java:43)
	at java.lang.reflect.Method.invoke(Method.java:606)
	at org.junit.runners.model.FrameworkMethod$1.runReflectiveCall(FrameworkMethod.java:47)
	at org.junit.internal.runners.model.ReflectiveCallable.run(ReflectiveCallable.java:12)
	at org.junit.runners.model.FrameworkMethod.invokeExplosively(FrameworkMethod.java:44)
	at org.junit.internal.runners.statements.InvokeMethod.evaluate(InvokeMethod.java:17)
	at org.springframework.test.context.junit4.statements.RunBeforeTestMethodCallbacks.evaluate(RunBeforeTestMethodCallbacks.java:73)
	at org.springframework.test.context.junit4.statements.RunAfterTestMethodCallbacks.evaluate(RunAfterTestMethodCallbacks.java:82)
	at org.springframework.test.context.junit4.statements.SpringRepeat.evaluate(SpringRepeat.java:73)
	at org.junit.runners.ParentRunner.runLeaf(ParentRunner.java:271)
	at org.springframework.test.context.junit4.SpringJUnit4ClassRunner.runChild(SpringJUnit4ClassRunner.java:224)
	at org.springframework.test.context.junit4.SpringJUnit4ClassRunner.runChild(SpringJUnit4ClassRunner.java:83)
	at org.junit.runners.ParentRunner$3.run(ParentRunner.java:238)
	at org.junit.runners.ParentRunner$1.schedule(ParentRunner.java:63)
	at org.junit.runners.ParentRunner.runChildren(ParentRunner.java:236)
	at org.junit.runners.ParentRunner.access$000(ParentRunner.java:53)
	at org.junit.runners.ParentRunner$2.evaluate(ParentRunner.java:229)
	at org.springframework.test.context.junit4.statements.RunBeforeTestClassCallbacks.evaluate(RunBeforeTestClassCallbacks.java:61)
	at org.springframework.test.context.junit4.statements.RunAfterTestClassCallbacks.evaluate(RunAfterTestClassCallbacks.java:68)
	at org.junit.runners.ParentRunner.run(ParentRunner.java:309)
	at org.springframework.test.context.junit4.SpringJUnit4ClassRunner.run(SpringJUnit4ClassRunner.java:163)
	at org.junit.runner.JUnitCore.run(JUnitCore.java:160)
	at com.intellij.junit4.JUnit4IdeaTestRunner.startRunnerWithArgs(JUnit4IdeaTestRunner.java:117)
	at com.intellij.junit4.JUnit4IdeaTestRunner.startRunnerWithArgs(JUnit4IdeaTestRunner.java:42)
	at com.intellij.rt.execution.junit.JUnitStarter.prepareStreamsAndStart(JUnitStarter.java:262)
	at com.intellij.rt.execution.junit.JUnitStarter.main(JUnitStarter.java:84)
	at sun.reflect.NativeMethodAccessorImpl.invoke0(Native Method)
	at sun.reflect.NativeMethodAccessorImpl.invoke(NativeMethodAccessorImpl.java:57)
	at sun.reflect.DelegatingMethodAccessorImpl.invoke(DelegatingMethodAccessorImpl.java:43)
	at java.lang.reflect.Method.invoke(Method.java:606)
	at com.intellij.rt.execution.application.AppMain.main(AppMain.java:147)
2016-10-31 09:02:16  [ main:805 ] - [ DEBUG ]  Testing a Connection in response to an Exception:
com.mysql.jdbc.exceptions.jdbc4.MySQLSyntaxErrorException: You have an error in your SQL syntax; check the manual that corresponds to your MySQL server version for the right syntax to use near 'desc,content,blog_type,markdown)
        VALUES ('测试标题WithMarkdown','lzx' at line 1
	at sun.reflect.NativeConstructorAccessorImpl.newInstance0(Native Method)
	at sun.reflect.NativeConstructorAccessorImpl.newInstance(NativeConstructorAccessorImpl.java:57)
	at sun.reflect.DelegatingConstructorAccessorImpl.newInstance(DelegatingConstructorAccessorImpl.java:45)
	at java.lang.reflect.Constructor.newInstance(Constructor.java:526)
	at com.mysql.jdbc.Util.handleNewInstance(Util.java:389)
	at com.mysql.jdbc.Util.getInstance(Util.java:372)
	at com.mysql.jdbc.SQLError.createSQLException(SQLError.java:980)
	at com.mysql.jdbc.MysqlIO.checkErrorPacket(MysqlIO.java:3835)
	at com.mysql.jdbc.MysqlIO.checkErrorPacket(MysqlIO.java:3771)
	at com.mysql.jdbc.MysqlIO.sendCommand(MysqlIO.java:2435)
	at com.mysql.jdbc.MysqlIO.sqlQueryDirect(MysqlIO.java:2582)
	at com.mysql.jdbc.ConnectionImpl.execSQL(ConnectionImpl.java:2535)
	at com.mysql.jdbc.PreparedStatement.executeInternal(PreparedStatement.java:1911)
	at com.mysql.jdbc.PreparedStatement.execute(PreparedStatement.java:1203)
	at com.mchange.v2.c3p0.impl.NewProxyPreparedStatement.execute(NewProxyPreparedStatement.java:989)
	at sun.reflect.NativeMethodAccessorImpl.invoke0(Native Method)
	at sun.reflect.NativeMethodAccessorImpl.invoke(NativeMethodAccessorImpl.java:57)
	at sun.reflect.DelegatingMethodAccessorImpl.invoke(DelegatingMethodAccessorImpl.java:43)
	at java.lang.reflect.Method.invoke(Method.java:606)
	at org.apache.ibatis.logging.jdbc.PreparedStatementLogger.invoke(PreparedStatementLogger.java:59)
	at com.sun.proxy.$Proxy16.execute(Unknown Source)
	at org.apache.ibatis.executor.statement.PreparedStatementHandler.update(PreparedStatementHandler.java:45)
	at org.apache.ibatis.executor.statement.RoutingStatementHandler.update(RoutingStatementHandler.java:73)
	at org.apache.ibatis.executor.SimpleExecutor.doUpdate(SimpleExecutor.java:49)
	at org.apache.ibatis.executor.BaseExecutor.update(BaseExecutor.java:115)
	at org.apache.ibatis.executor.CachingExecutor.update(CachingExecutor.java:75)
	at org.apache.ibatis.session.defaults.DefaultSqlSession.update(DefaultSqlSession.java:170)
	at org.apache.ibatis.session.defaults.DefaultSqlSession.insert(DefaultSqlSession.java:157)
	at sun.reflect.NativeMethodAccessorImpl.invoke0(Native Method)
	at sun.reflect.NativeMethodAccessorImpl.invoke(NativeMethodAccessorImpl.java:57)
	at sun.reflect.DelegatingMethodAccessorImpl.invoke(DelegatingMethodAccessorImpl.java:43)
	at java.lang.reflect.Method.invoke(Method.java:606)
	at org.mybatis.spring.SqlSessionTemplate$SqlSessionInterceptor.invoke(SqlSessionTemplate.java:386)
	at com.sun.proxy.$Proxy12.insert(Unknown Source)
	at org.mybatis.spring.SqlSessionTemplate.insert(SqlSessionTemplate.java:253)
	at org.apache.ibatis.binding.MapperMethod.execute(MapperMethod.java:52)
	at org.apache.ibatis.binding.MapperProxy.invoke(MapperProxy.java:53)
	at com.sun.proxy.$Proxy13.insertBlogWithMarkdown(Unknown Source)
	at com.lzx2005.dao.BlogDaoTest.insertBlogWithMarkdown(BlogDaoTest.java:32)
	at sun.reflect.NativeMethodAccessorImpl.invoke0(Native Method)
	at sun.reflect.NativeMethodAccessorImpl.invoke(NativeMethodAccessorImpl.java:57)
	at sun.reflect.DelegatingMethodAccessorImpl.invoke(DelegatingMethodAccessorImpl.java:43)
	at java.lang.reflect.Method.invoke(Method.java:606)
	at org.junit.runners.model.FrameworkMethod$1.runReflectiveCall(FrameworkMethod.java:47)
	at org.junit.internal.runners.model.ReflectiveCallable.run(ReflectiveCallable.java:12)
	at org.junit.runners.model.FrameworkMethod.invokeExplosively(FrameworkMethod.java:44)
	at org.junit.internal.runners.statements.InvokeMethod.evaluate(InvokeMethod.java:17)
	at org.springframework.test.context.junit4.statements.RunBeforeTestMethodCallbacks.evaluate(RunBeforeTestMethodCallbacks.java:73)
	at org.springframework.test.context.junit4.statements.RunAfterTestMethodCallbacks.evaluate(RunAfterTestMethodCallbacks.java:82)
	at org.springframework.test.context.junit4.statements.SpringRepeat.evaluate(SpringRepeat.java:73)
	at org.junit.runners.ParentRunner.runLeaf(ParentRunner.java:271)
	at org.springframework.test.context.junit4.SpringJUnit4ClassRunner.runChild(SpringJUnit4ClassRunner.java:224)
	at org.springframework.test.context.junit4.SpringJUnit4ClassRunner.runChild(SpringJUnit4ClassRunner.java:83)
	at org.junit.runners.ParentRunner$3.run(ParentRunner.java:238)
	at org.junit.runners.ParentRunner$1.schedule(ParentRunner.java:63)
	at org.junit.runners.ParentRunner.runChildren(ParentRunner.java:236)
	at org.junit.runners.ParentRunner.access$000(ParentRunner.java:53)
	at org.junit.runners.ParentRunner$2.evaluate(ParentRunner.java:229)
	at org.springframework.test.context.junit4.statements.RunBeforeTestClassCallbacks.evaluate(RunBeforeTestClassCallbacks.java:61)
	at org.springframework.test.context.junit4.statements.RunAfterTestClassCallbacks.evaluate(RunAfterTestClassCallbacks.java:68)
	at org.junit.runners.ParentRunner.run(ParentRunner.java:309)
	at org.springframework.test.context.junit4.SpringJUnit4ClassRunner.run(SpringJUnit4ClassRunner.java:163)
	at org.junit.runner.JUnitCore.run(JUnitCore.java:160)
	at com.intellij.junit4.JUnit4IdeaTestRunner.startRunnerWithArgs(JUnit4IdeaTestRunner.java:117)
	at com.intellij.junit4.JUnit4IdeaTestRunner.startRunnerWithArgs(JUnit4IdeaTestRunner.java:42)
	at com.intellij.rt.execution.junit.JUnitStarter.prepareStreamsAndStart(JUnitStarter.java:262)
	at com.intellij.rt.execution.junit.JUnitStarter.main(JUnitStarter.java:84)
	at sun.reflect.NativeMethodAccessorImpl.invoke0(Native Method)
	at sun.reflect.NativeMethodAccessorImpl.invoke(NativeMethodAccessorImpl.java:57)
	at sun.reflect.DelegatingMethodAccessorImpl.invoke(DelegatingMethodAccessorImpl.java:43)
	at java.lang.reflect.Method.invoke(Method.java:606)
	at com.intellij.rt.execution.application.AppMain.main(AppMain.java:147)
2016-10-31 09:02:16  [ main:810 ] - [ DEBUG ]  trace com.mchange.v2.resourcepool.BasicResourcePool@6a95aad3 [managed: 10, unused: 9, excluded: 0] (e.g. com.mchange.v2.c3p0.impl.NewPooledConnection@1b3c0cef)
2016-10-31 09:02:16  [ main:875 ] - [ DEBUG ]  trace com.mchange.v2.resourcepool.BasicResourcePool@6a95aad3 [managed: 10, unused: 9, excluded: 0] (e.g. com.mchange.v2.c3p0.impl.NewPooledConnection@1b3c0cef)
2016-10-31 09:02:16  [ main:879 ] - [ DEBUG ]  trace com.mchange.v2.resourcepool.BasicResourcePool@6a95aad3 [managed: 10, unused: 9, excluded: 0] (e.g. com.mchange.v2.c3p0.impl.NewPooledConnection@1b3c0cef)
2016-10-31 09:03:05  [ main:0 ] - [ INFO ]  MLog clients using log4j logging.
2016-10-31 09:03:05  [ main:182 ] - [ INFO ]  Initializing c3p0-0.9.1.2 [built 21-May-2007 15:04:56; debug? true; trace: 10]
2016-10-31 09:03:05  [ main:221 ] - [ DEBUG ]  MBean: com.mchange.v2.c3p0:type=PooledDataSource[2rxcz09k6qc6okznxgfn|1f249d4f] registered.
2016-10-31 09:03:06  [ main:723 ] - [ DEBUG ]  incremented pending_acquires: 1
2016-10-31 09:03:06  [ main:723 ] - [ DEBUG ]  incremented pending_acquires: 2
2016-10-31 09:03:06  [ main:723 ] - [ DEBUG ]  incremented pending_acquires: 3
2016-10-31 09:03:06  [ main:723 ] - [ DEBUG ]  incremented pending_acquires: 4
2016-10-31 09:03:06  [ main:724 ] - [ DEBUG ]  incremented pending_acquires: 5
2016-10-31 09:03:06  [ main:724 ] - [ DEBUG ]  incremented pending_acquires: 6
2016-10-31 09:03:06  [ main:724 ] - [ DEBUG ]  incremented pending_acquires: 7
2016-10-31 09:03:06  [ main:724 ] - [ DEBUG ]  incremented pending_acquires: 8
2016-10-31 09:03:06  [ main:724 ] - [ DEBUG ]  incremented pending_acquires: 9
2016-10-31 09:03:06  [ main:724 ] - [ DEBUG ]  incremented pending_acquires: 10
2016-10-31 09:03:06  [ main:724 ] - [ DEBUG ]  com.mchange.v2.resourcepool.BasicResourcePool@736cc760 config: [start -> 3; min -> 10; max -> 30; inc -> 3; num_acq_attempts -> 5; acq_attempt_delay -> 1000; check_idle_resources_delay -> 0; mox_resource_age -> 0; max_idle_time -> 0; excess_max_idle_time -> 0; destroy_unreturned_resc_time -> 0; expiration_enforcement_delay -> 0; break_on_acquisition_failure -> false; debug_store_checkout_exceptions -> false]
2016-10-31 09:03:06  [ main:724 ] - [ INFO ]  Initializing c3p0 pool... com.mchange.v2.c3p0.ComboPooledDataSource [ acquireIncrement -> 3, acquireRetryAttempts -> 5, acquireRetryDelay -> 1000, autoCommitOnClose -> false, automaticTestTable -> null, breakAfterAcquireFailure -> false, checkoutTimeout -> 5000, connectionCustomizerClassName -> null, connectionTesterClassName -> com.mchange.v2.c3p0.impl.DefaultConnectionTester, dataSourceName -> 2rxcz09k6qc6okznxgfn|1f249d4f, debugUnreturnedConnectionStackTraces -> false, description -> null, driverClass -> com.mysql.jdbc.Driver, factoryClassLocation -> null, forceIgnoreUnresolvedTransactions -> false, identityToken -> 2rxcz09k6qc6okznxgfn|1f249d4f, idleConnectionTestPeriod -> 0, initialPoolSize -> 3, jdbcUrl -> jdbc:mysql://localhost:3306/lzx2005?useUnicode=true&characterEncoding=utf8, maxAdministrativeTaskTime -> 0, maxConnectionAge -> 0, maxIdleTime -> 0, maxIdleTimeExcessConnections -> 0, maxPoolSize -> 30, maxStatements -> 0, maxStatementsPerConnection -> 0, minPoolSize -> 10, numHelperThreads -> 3, numThreadsAwaitingCheckoutDefaultUser -> 0, preferredTestQuery -> null, properties -> {user=******, password=******}, propertyCycle -> 0, testConnectionOnCheckin -> false, testConnectionOnCheckout -> false, unreturnedConnectionTimeout -> 0, usesTraditionalReflectiveProxies -> false ]
2016-10-31 09:03:06  [ main:724 ] - [ DEBUG ]  acquire test -- pool size: 0; target_pool_size: 10; desired target? 1
2016-10-31 09:03:06  [ main:724 ] - [ DEBUG ]  awaitAvailable(): [unknown]
2016-10-31 09:03:06  [ main:725 ] - [ DEBUG ]  trace com.mchange.v2.resourcepool.BasicResourcePool@736cc760 [managed: 0, unused: 0, excluded: 0]
2016-10-31 09:03:06  [ com.mchange.v2.async.ThreadPoolAsynchronousRunner$PoolThread-#0:892 ] - [ DEBUG ]  com.mchange.v2.c3p0.impl.C3P0PooledConnectionPool$1PooledConnectionResourcePoolManager@1d5698d.acquireResource() returning. 
2016-10-31 09:03:06  [ com.mchange.v2.async.ThreadPoolAsynchronousRunner$PoolThread-#2:892 ] - [ DEBUG ]  com.mchange.v2.c3p0.impl.C3P0PooledConnectionPool$1PooledConnectionResourcePoolManager@1d5698d.acquireResource() returning. 
2016-10-31 09:03:06  [ com.mchange.v2.async.ThreadPoolAsynchronousRunner$PoolThread-#1:892 ] - [ DEBUG ]  com.mchange.v2.c3p0.impl.C3P0PooledConnectionPool$1PooledConnectionResourcePoolManager@1d5698d.acquireResource() returning. 
2016-10-31 09:03:06  [ com.mchange.v2.async.ThreadPoolAsynchronousRunner$PoolThread-#0:893 ] - [ DEBUG ]  trace com.mchange.v2.resourcepool.BasicResourcePool@736cc760 [managed: 1, unused: 1, excluded: 0]
2016-10-31 09:03:06  [ com.mchange.v2.async.ThreadPoolAsynchronousRunner$PoolThread-#1:893 ] - [ DEBUG ]  trace com.mchange.v2.resourcepool.BasicResourcePool@736cc760 [managed: 2, unused: 1, excluded: 0] (e.g. com.mchange.v2.c3p0.impl.NewPooledConnection@45fee545)
2016-10-31 09:03:06  [ com.mchange.v2.async.ThreadPoolAsynchronousRunner$PoolThread-#2:893 ] - [ DEBUG ]  trace com.mchange.v2.resourcepool.BasicResourcePool@736cc760 [managed: 3, unused: 2, excluded: 0] (e.g. com.mchange.v2.c3p0.impl.NewPooledConnection@45fee545)
2016-10-31 09:03:06  [ com.mchange.v2.async.ThreadPoolAsynchronousRunner$PoolThread-#1:893 ] - [ DEBUG ]  decremented pending_acquires: 9
2016-10-31 09:03:06  [ main:893 ] - [ DEBUG ]  trace com.mchange.v2.resourcepool.BasicResourcePool@736cc760 [managed: 3, unused: 2, excluded: 0] (e.g. com.mchange.v2.c3p0.impl.NewPooledConnection@45fee545)
2016-10-31 09:03:06  [ com.mchange.v2.async.ThreadPoolAsynchronousRunner$PoolThread-#0:893 ] - [ DEBUG ]  decremented pending_acquires: 8
2016-10-31 09:03:06  [ com.mchange.v2.async.ThreadPoolAsynchronousRunner$PoolThread-#2:893 ] - [ DEBUG ]  decremented pending_acquires: 7
2016-10-31 09:03:06  [ com.mchange.v2.async.ThreadPoolAsynchronousRunner$PoolThread-#1:901 ] - [ DEBUG ]  com.mchange.v2.c3p0.impl.C3P0PooledConnectionPool$1PooledConnectionResourcePoolManager@1d5698d.acquireResource() returning. 
2016-10-31 09:03:06  [ com.mchange.v2.async.ThreadPoolAsynchronousRunner$PoolThread-#1:901 ] - [ DEBUG ]  trace com.mchange.v2.resourcepool.BasicResourcePool@736cc760 [managed: 4, unused: 3, excluded: 0] (e.g. com.mchange.v2.c3p0.impl.NewPooledConnection@45fee545)
2016-10-31 09:03:06  [ com.mchange.v2.async.ThreadPoolAsynchronousRunner$PoolThread-#1:901 ] - [ DEBUG ]  decremented pending_acquires: 6
2016-10-31 09:03:06  [ com.mchange.v2.async.ThreadPoolAsynchronousRunner$PoolThread-#0:901 ] - [ DEBUG ]  com.mchange.v2.c3p0.impl.C3P0PooledConnectionPool$1PooledConnectionResourcePoolManager@1d5698d.acquireResource() returning. 
2016-10-31 09:03:06  [ com.mchange.v2.async.ThreadPoolAsynchronousRunner$PoolThread-#0:901 ] - [ DEBUG ]  trace com.mchange.v2.resourcepool.BasicResourcePool@736cc760 [managed: 5, unused: 4, excluded: 0] (e.g. com.mchange.v2.c3p0.impl.NewPooledConnection@45fee545)
2016-10-31 09:03:06  [ com.mchange.v2.async.ThreadPoolAsynchronousRunner$PoolThread-#0:901 ] - [ DEBUG ]  decremented pending_acquires: 5
2016-10-31 09:03:06  [ com.mchange.v2.async.ThreadPoolAsynchronousRunner$PoolThread-#2:908 ] - [ DEBUG ]  com.mchange.v2.c3p0.impl.C3P0PooledConnectionPool$1PooledConnectionResourcePoolManager@1d5698d.acquireResource() returning. 
2016-10-31 09:03:06  [ com.mchange.v2.async.ThreadPoolAsynchronousRunner$PoolThread-#2:908 ] - [ DEBUG ]  trace com.mchange.v2.resourcepool.BasicResourcePool@736cc760 [managed: 6, unused: 5, excluded: 0] (e.g. com.mchange.v2.c3p0.impl.NewPooledConnection@45fee545)
2016-10-31 09:03:06  [ com.mchange.v2.async.ThreadPoolAsynchronousRunner$PoolThread-#2:908 ] - [ DEBUG ]  decremented pending_acquires: 4
2016-10-31 09:03:06  [ com.mchange.v2.async.ThreadPoolAsynchronousRunner$PoolThread-#1:909 ] - [ DEBUG ]  com.mchange.v2.c3p0.impl.C3P0PooledConnectionPool$1PooledConnectionResourcePoolManager@1d5698d.acquireResource() returning. 
2016-10-31 09:03:06  [ com.mchange.v2.async.ThreadPoolAsynchronousRunner$PoolThread-#1:909 ] - [ DEBUG ]  trace com.mchange.v2.resourcepool.BasicResourcePool@736cc760 [managed: 7, unused: 6, excluded: 0] (e.g. com.mchange.v2.c3p0.impl.NewPooledConnection@45fee545)
2016-10-31 09:03:06  [ com.mchange.v2.async.ThreadPoolAsynchronousRunner$PoolThread-#1:909 ] - [ DEBUG ]  decremented pending_acquires: 3
2016-10-31 09:03:06  [ com.mchange.v2.async.ThreadPoolAsynchronousRunner$PoolThread-#0:914 ] - [ DEBUG ]  com.mchange.v2.c3p0.impl.C3P0PooledConnectionPool$1PooledConnectionResourcePoolManager@1d5698d.acquireResource() returning. 
2016-10-31 09:03:06  [ com.mchange.v2.async.ThreadPoolAsynchronousRunner$PoolThread-#0:914 ] - [ DEBUG ]  trace com.mchange.v2.resourcepool.BasicResourcePool@736cc760 [managed: 8, unused: 7, excluded: 0] (e.g. com.mchange.v2.c3p0.impl.NewPooledConnection@45fee545)
2016-10-31 09:03:06  [ com.mchange.v2.async.ThreadPoolAsynchronousRunner$PoolThread-#0:914 ] - [ DEBUG ]  decremented pending_acquires: 2
2016-10-31 09:03:06  [ com.mchange.v2.async.ThreadPoolAsynchronousRunner$PoolThread-#1:915 ] - [ DEBUG ]  com.mchange.v2.c3p0.impl.C3P0PooledConnectionPool$1PooledConnectionResourcePoolManager@1d5698d.acquireResource() returning. 
2016-10-31 09:03:06  [ com.mchange.v2.async.ThreadPoolAsynchronousRunner$PoolThread-#1:916 ] - [ DEBUG ]  trace com.mchange.v2.resourcepool.BasicResourcePool@736cc760 [managed: 9, unused: 8, excluded: 0] (e.g. com.mchange.v2.c3p0.impl.NewPooledConnection@45fee545)
2016-10-31 09:03:06  [ com.mchange.v2.async.ThreadPoolAsynchronousRunner$PoolThread-#1:916 ] - [ DEBUG ]  decremented pending_acquires: 1
2016-10-31 09:03:06  [ com.mchange.v2.async.ThreadPoolAsynchronousRunner$PoolThread-#2:916 ] - [ DEBUG ]  com.mchange.v2.c3p0.impl.C3P0PooledConnectionPool$1PooledConnectionResourcePoolManager@1d5698d.acquireResource() returning. 
2016-10-31 09:03:06  [ com.mchange.v2.async.ThreadPoolAsynchronousRunner$PoolThread-#2:916 ] - [ DEBUG ]  trace com.mchange.v2.resourcepool.BasicResourcePool@736cc760 [managed: 10, unused: 9, excluded: 0] (e.g. com.mchange.v2.c3p0.impl.NewPooledConnection@45fee545)
2016-10-31 09:03:06  [ com.mchange.v2.async.ThreadPoolAsynchronousRunner$PoolThread-#2:916 ] - [ DEBUG ]  decremented pending_acquires: 0
2016-10-31 09:03:06  [ main:936 ] - [ DEBUG ]  com.mchange.v2.c3p0.impl.NewPooledConnection@45fee545 handling a throwable.
com.mysql.jdbc.exceptions.jdbc4.MySQLSyntaxErrorException: You have an error in your SQL syntax; check the manual that corresponds to your MySQL server version for the right syntax to use near ''desc',content,blog_type,markdown)
        VALUES ('测试标题WithMarkdown','l' at line 1
	at sun.reflect.NativeConstructorAccessorImpl.newInstance0(Native Method)
	at sun.reflect.NativeConstructorAccessorImpl.newInstance(NativeConstructorAccessorImpl.java:57)
	at sun.reflect.DelegatingConstructorAccessorImpl.newInstance(DelegatingConstructorAccessorImpl.java:45)
	at java.lang.reflect.Constructor.newInstance(Constructor.java:526)
	at com.mysql.jdbc.Util.handleNewInstance(Util.java:389)
	at com.mysql.jdbc.Util.getInstance(Util.java:372)
	at com.mysql.jdbc.SQLError.createSQLException(SQLError.java:980)
	at com.mysql.jdbc.MysqlIO.checkErrorPacket(MysqlIO.java:3835)
	at com.mysql.jdbc.MysqlIO.checkErrorPacket(MysqlIO.java:3771)
	at com.mysql.jdbc.MysqlIO.sendCommand(MysqlIO.java:2435)
	at com.mysql.jdbc.MysqlIO.sqlQueryDirect(MysqlIO.java:2582)
	at com.mysql.jdbc.ConnectionImpl.execSQL(ConnectionImpl.java:2535)
	at com.mysql.jdbc.PreparedStatement.executeInternal(PreparedStatement.java:1911)
	at com.mysql.jdbc.PreparedStatement.execute(PreparedStatement.java:1203)
	at com.mchange.v2.c3p0.impl.NewProxyPreparedStatement.execute(NewProxyPreparedStatement.java:989)
	at sun.reflect.NativeMethodAccessorImpl.invoke0(Native Method)
	at sun.reflect.NativeMethodAccessorImpl.invoke(NativeMethodAccessorImpl.java:57)
	at sun.reflect.DelegatingMethodAccessorImpl.invoke(DelegatingMethodAccessorImpl.java:43)
	at java.lang.reflect.Method.invoke(Method.java:606)
	at org.apache.ibatis.logging.jdbc.PreparedStatementLogger.invoke(PreparedStatementLogger.java:59)
	at com.sun.proxy.$Proxy16.execute(Unknown Source)
	at org.apache.ibatis.executor.statement.PreparedStatementHandler.update(PreparedStatementHandler.java:45)
	at org.apache.ibatis.executor.statement.RoutingStatementHandler.update(RoutingStatementHandler.java:73)
	at org.apache.ibatis.executor.SimpleExecutor.doUpdate(SimpleExecutor.java:49)
	at org.apache.ibatis.executor.BaseExecutor.update(BaseExecutor.java:115)
	at org.apache.ibatis.executor.CachingExecutor.update(CachingExecutor.java:75)
	at org.apache.ibatis.session.defaults.DefaultSqlSession.update(DefaultSqlSession.java:170)
	at org.apache.ibatis.session.defaults.DefaultSqlSession.insert(DefaultSqlSession.java:157)
	at sun.reflect.NativeMethodAccessorImpl.invoke0(Native Method)
	at sun.reflect.NativeMethodAccessorImpl.invoke(NativeMethodAccessorImpl.java:57)
	at sun.reflect.DelegatingMethodAccessorImpl.invoke(DelegatingMethodAccessorImpl.java:43)
	at java.lang.reflect.Method.invoke(Method.java:606)
	at org.mybatis.spring.SqlSessionTemplate$SqlSessionInterceptor.invoke(SqlSessionTemplate.java:386)
	at com.sun.proxy.$Proxy12.insert(Unknown Source)
	at org.mybatis.spring.SqlSessionTemplate.insert(SqlSessionTemplate.java:253)
	at org.apache.ibatis.binding.MapperMethod.execute(MapperMethod.java:52)
	at org.apache.ibatis.binding.MapperProxy.invoke(MapperProxy.java:53)
	at com.sun.proxy.$Proxy13.insertBlogWithMarkdown(Unknown Source)
	at com.lzx2005.dao.BlogDaoTest.insertBlogWithMarkdown(BlogDaoTest.java:32)
	at sun.reflect.NativeMethodAccessorImpl.invoke0(Native Method)
	at sun.reflect.NativeMethodAccessorImpl.invoke(NativeMethodAccessorImpl.java:57)
	at sun.reflect.DelegatingMethodAccessorImpl.invoke(DelegatingMethodAccessorImpl.java:43)
	at java.lang.reflect.Method.invoke(Method.java:606)
	at org.junit.runners.model.FrameworkMethod$1.runReflectiveCall(FrameworkMethod.java:47)
	at org.junit.internal.runners.model.ReflectiveCallable.run(ReflectiveCallable.java:12)
	at org.junit.runners.model.FrameworkMethod.invokeExplosively(FrameworkMethod.java:44)
	at org.junit.internal.runners.statements.InvokeMethod.evaluate(InvokeMethod.java:17)
	at org.springframework.test.context.junit4.statements.RunBeforeTestMethodCallbacks.evaluate(RunBeforeTestMethodCallbacks.java:73)
	at org.springframework.test.context.junit4.statements.RunAfterTestMethodCallbacks.evaluate(RunAfterTestMethodCallbacks.java:82)
	at org.springframework.test.context.junit4.statements.SpringRepeat.evaluate(SpringRepeat.java:73)
	at org.junit.runners.ParentRunner.runLeaf(ParentRunner.java:271)
	at org.springframework.test.context.junit4.SpringJUnit4ClassRunner.runChild(SpringJUnit4ClassRunner.java:224)
	at org.springframework.test.context.junit4.SpringJUnit4ClassRunner.runChild(SpringJUnit4ClassRunner.java:83)
	at org.junit.runners.ParentRunner$3.run(ParentRunner.java:238)
	at org.junit.runners.ParentRunner$1.schedule(ParentRunner.java:63)
	at org.junit.runners.ParentRunner.runChildren(ParentRunner.java:236)
	at org.junit.runners.ParentRunner.access$000(ParentRunner.java:53)
	at org.junit.runners.ParentRunner$2.evaluate(ParentRunner.java:229)
	at org.springframework.test.context.junit4.statements.RunBeforeTestClassCallbacks.evaluate(RunBeforeTestClassCallbacks.java:61)
	at org.springframework.test.context.junit4.statements.RunAfterTestClassCallbacks.evaluate(RunAfterTestClassCallbacks.java:68)
	at org.junit.runners.ParentRunner.run(ParentRunner.java:309)
	at org.springframework.test.context.junit4.SpringJUnit4ClassRunner.run(SpringJUnit4ClassRunner.java:163)
	at org.junit.runner.JUnitCore.run(JUnitCore.java:160)
	at com.intellij.junit4.JUnit4IdeaTestRunner.startRunnerWithArgs(JUnit4IdeaTestRunner.java:117)
	at com.intellij.junit4.JUnit4IdeaTestRunner.startRunnerWithArgs(JUnit4IdeaTestRunner.java:42)
	at com.intellij.rt.execution.junit.JUnitStarter.prepareStreamsAndStart(JUnitStarter.java:262)
	at com.intellij.rt.execution.junit.JUnitStarter.main(JUnitStarter.java:84)
	at sun.reflect.NativeMethodAccessorImpl.invoke0(Native Method)
	at sun.reflect.NativeMethodAccessorImpl.invoke(NativeMethodAccessorImpl.java:57)
	at sun.reflect.DelegatingMethodAccessorImpl.invoke(DelegatingMethodAccessorImpl.java:43)
	at java.lang.reflect.Method.invoke(Method.java:606)
	at com.intellij.rt.execution.application.AppMain.main(AppMain.java:147)
2016-10-31 09:03:06  [ main:939 ] - [ DEBUG ]  Attempted to convert SQLException to SQLException. Leaving it alone. [SQLState: 42000; errorCode: 1064]
com.mysql.jdbc.exceptions.jdbc4.MySQLSyntaxErrorException: You have an error in your SQL syntax; check the manual that corresponds to your MySQL server version for the right syntax to use near ''desc',content,blog_type,markdown)
        VALUES ('测试标题WithMarkdown','l' at line 1
	at sun.reflect.NativeConstructorAccessorImpl.newInstance0(Native Method)
	at sun.reflect.NativeConstructorAccessorImpl.newInstance(NativeConstructorAccessorImpl.java:57)
	at sun.reflect.DelegatingConstructorAccessorImpl.newInstance(DelegatingConstructorAccessorImpl.java:45)
	at java.lang.reflect.Constructor.newInstance(Constructor.java:526)
	at com.mysql.jdbc.Util.handleNewInstance(Util.java:389)
	at com.mysql.jdbc.Util.getInstance(Util.java:372)
	at com.mysql.jdbc.SQLError.createSQLException(SQLError.java:980)
	at com.mysql.jdbc.MysqlIO.checkErrorPacket(MysqlIO.java:3835)
	at com.mysql.jdbc.MysqlIO.checkErrorPacket(MysqlIO.java:3771)
	at com.mysql.jdbc.MysqlIO.sendCommand(MysqlIO.java:2435)
	at com.mysql.jdbc.MysqlIO.sqlQueryDirect(MysqlIO.java:2582)
	at com.mysql.jdbc.ConnectionImpl.execSQL(ConnectionImpl.java:2535)
	at com.mysql.jdbc.PreparedStatement.executeInternal(PreparedStatement.java:1911)
	at com.mysql.jdbc.PreparedStatement.execute(PreparedStatement.java:1203)
	at com.mchange.v2.c3p0.impl.NewProxyPreparedStatement.execute(NewProxyPreparedStatement.java:989)
	at sun.reflect.NativeMethodAccessorImpl.invoke0(Native Method)
	at sun.reflect.NativeMethodAccessorImpl.invoke(NativeMethodAccessorImpl.java:57)
	at sun.reflect.DelegatingMethodAccessorImpl.invoke(DelegatingMethodAccessorImpl.java:43)
	at java.lang.reflect.Method.invoke(Method.java:606)
	at org.apache.ibatis.logging.jdbc.PreparedStatementLogger.invoke(PreparedStatementLogger.java:59)
	at com.sun.proxy.$Proxy16.execute(Unknown Source)
	at org.apache.ibatis.executor.statement.PreparedStatementHandler.update(PreparedStatementHandler.java:45)
	at org.apache.ibatis.executor.statement.RoutingStatementHandler.update(RoutingStatementHandler.java:73)
	at org.apache.ibatis.executor.SimpleExecutor.doUpdate(SimpleExecutor.java:49)
	at org.apache.ibatis.executor.BaseExecutor.update(BaseExecutor.java:115)
	at org.apache.ibatis.executor.CachingExecutor.update(CachingExecutor.java:75)
	at org.apache.ibatis.session.defaults.DefaultSqlSession.update(DefaultSqlSession.java:170)
	at org.apache.ibatis.session.defaults.DefaultSqlSession.insert(DefaultSqlSession.java:157)
	at sun.reflect.NativeMethodAccessorImpl.invoke0(Native Method)
	at sun.reflect.NativeMethodAccessorImpl.invoke(NativeMethodAccessorImpl.java:57)
	at sun.reflect.DelegatingMethodAccessorImpl.invoke(DelegatingMethodAccessorImpl.java:43)
	at java.lang.reflect.Method.invoke(Method.java:606)
	at org.mybatis.spring.SqlSessionTemplate$SqlSessionInterceptor.invoke(SqlSessionTemplate.java:386)
	at com.sun.proxy.$Proxy12.insert(Unknown Source)
	at org.mybatis.spring.SqlSessionTemplate.insert(SqlSessionTemplate.java:253)
	at org.apache.ibatis.binding.MapperMethod.execute(MapperMethod.java:52)
	at org.apache.ibatis.binding.MapperProxy.invoke(MapperProxy.java:53)
	at com.sun.proxy.$Proxy13.insertBlogWithMarkdown(Unknown Source)
	at com.lzx2005.dao.BlogDaoTest.insertBlogWithMarkdown(BlogDaoTest.java:32)
	at sun.reflect.NativeMethodAccessorImpl.invoke0(Native Method)
	at sun.reflect.NativeMethodAccessorImpl.invoke(NativeMethodAccessorImpl.java:57)
	at sun.reflect.DelegatingMethodAccessorImpl.invoke(DelegatingMethodAccessorImpl.java:43)
	at java.lang.reflect.Method.invoke(Method.java:606)
	at org.junit.runners.model.FrameworkMethod$1.runReflectiveCall(FrameworkMethod.java:47)
	at org.junit.internal.runners.model.ReflectiveCallable.run(ReflectiveCallable.java:12)
	at org.junit.runners.model.FrameworkMethod.invokeExplosively(FrameworkMethod.java:44)
	at org.junit.internal.runners.statements.InvokeMethod.evaluate(InvokeMethod.java:17)
	at org.springframework.test.context.junit4.statements.RunBeforeTestMethodCallbacks.evaluate(RunBeforeTestMethodCallbacks.java:73)
	at org.springframework.test.context.junit4.statements.RunAfterTestMethodCallbacks.evaluate(RunAfterTestMethodCallbacks.java:82)
	at org.springframework.test.context.junit4.statements.SpringRepeat.evaluate(SpringRepeat.java:73)
	at org.junit.runners.ParentRunner.runLeaf(ParentRunner.java:271)
	at org.springframework.test.context.junit4.SpringJUnit4ClassRunner.runChild(SpringJUnit4ClassRunner.java:224)
	at org.springframework.test.context.junit4.SpringJUnit4ClassRunner.runChild(SpringJUnit4ClassRunner.java:83)
	at org.junit.runners.ParentRunner$3.run(ParentRunner.java:238)
	at org.junit.runners.ParentRunner$1.schedule(ParentRunner.java:63)
	at org.junit.runners.ParentRunner.runChildren(ParentRunner.java:236)
	at org.junit.runners.ParentRunner.access$000(ParentRunner.java:53)
	at org.junit.runners.ParentRunner$2.evaluate(ParentRunner.java:229)
	at org.springframework.test.context.junit4.statements.RunBeforeTestClassCallbacks.evaluate(RunBeforeTestClassCallbacks.java:61)
	at org.springframework.test.context.junit4.statements.RunAfterTestClassCallbacks.evaluate(RunAfterTestClassCallbacks.java:68)
	at org.junit.runners.ParentRunner.run(ParentRunner.java:309)
	at org.springframework.test.context.junit4.SpringJUnit4ClassRunner.run(SpringJUnit4ClassRunner.java:163)
	at org.junit.runner.JUnitCore.run(JUnitCore.java:160)
	at com.intellij.junit4.JUnit4IdeaTestRunner.startRunnerWithArgs(JUnit4IdeaTestRunner.java:117)
	at com.intellij.junit4.JUnit4IdeaTestRunner.startRunnerWithArgs(JUnit4IdeaTestRunner.java:42)
	at com.intellij.rt.execution.junit.JUnitStarter.prepareStreamsAndStart(JUnitStarter.java:262)
	at com.intellij.rt.execution.junit.JUnitStarter.main(JUnitStarter.java:84)
	at sun.reflect.NativeMethodAccessorImpl.invoke0(Native Method)
	at sun.reflect.NativeMethodAccessorImpl.invoke(NativeMethodAccessorImpl.java:57)
	at sun.reflect.DelegatingMethodAccessorImpl.invoke(DelegatingMethodAccessorImpl.java:43)
	at java.lang.reflect.Method.invoke(Method.java:606)
	at com.intellij.rt.execution.application.AppMain.main(AppMain.java:147)
2016-10-31 09:03:06  [ main:939 ] - [ DEBUG ]  Testing a Connection in response to an Exception:
com.mysql.jdbc.exceptions.jdbc4.MySQLSyntaxErrorException: You have an error in your SQL syntax; check the manual that corresponds to your MySQL server version for the right syntax to use near ''desc',content,blog_type,markdown)
        VALUES ('测试标题WithMarkdown','l' at line 1
	at sun.reflect.NativeConstructorAccessorImpl.newInstance0(Native Method)
	at sun.reflect.NativeConstructorAccessorImpl.newInstance(NativeConstructorAccessorImpl.java:57)
	at sun.reflect.DelegatingConstructorAccessorImpl.newInstance(DelegatingConstructorAccessorImpl.java:45)
	at java.lang.reflect.Constructor.newInstance(Constructor.java:526)
	at com.mysql.jdbc.Util.handleNewInstance(Util.java:389)
	at com.mysql.jdbc.Util.getInstance(Util.java:372)
	at com.mysql.jdbc.SQLError.createSQLException(SQLError.java:980)
	at com.mysql.jdbc.MysqlIO.checkErrorPacket(MysqlIO.java:3835)
	at com.mysql.jdbc.MysqlIO.checkErrorPacket(MysqlIO.java:3771)
	at com.mysql.jdbc.MysqlIO.sendCommand(MysqlIO.java:2435)
	at com.mysql.jdbc.MysqlIO.sqlQueryDirect(MysqlIO.java:2582)
	at com.mysql.jdbc.ConnectionImpl.execSQL(ConnectionImpl.java:2535)
	at com.mysql.jdbc.PreparedStatement.executeInternal(PreparedStatement.java:1911)
	at com.mysql.jdbc.PreparedStatement.execute(PreparedStatement.java:1203)
	at com.mchange.v2.c3p0.impl.NewProxyPreparedStatement.execute(NewProxyPreparedStatement.java:989)
	at sun.reflect.NativeMethodAccessorImpl.invoke0(Native Method)
	at sun.reflect.NativeMethodAccessorImpl.invoke(NativeMethodAccessorImpl.java:57)
	at sun.reflect.DelegatingMethodAccessorImpl.invoke(DelegatingMethodAccessorImpl.java:43)
	at java.lang.reflect.Method.invoke(Method.java:606)
	at org.apache.ibatis.logging.jdbc.PreparedStatementLogger.invoke(PreparedStatementLogger.java:59)
	at com.sun.proxy.$Proxy16.execute(Unknown Source)
	at org.apache.ibatis.executor.statement.PreparedStatementHandler.update(PreparedStatementHandler.java:45)
	at org.apache.ibatis.executor.statement.RoutingStatementHandler.update(RoutingStatementHandler.java:73)
	at org.apache.ibatis.executor.SimpleExecutor.doUpdate(SimpleExecutor.java:49)
	at org.apache.ibatis.executor.BaseExecutor.update(BaseExecutor.java:115)
	at org.apache.ibatis.executor.CachingExecutor.update(CachingExecutor.java:75)
	at org.apache.ibatis.session.defaults.DefaultSqlSession.update(DefaultSqlSession.java:170)
	at org.apache.ibatis.session.defaults.DefaultSqlSession.insert(DefaultSqlSession.java:157)
	at sun.reflect.NativeMethodAccessorImpl.invoke0(Native Method)
	at sun.reflect.NativeMethodAccessorImpl.invoke(NativeMethodAccessorImpl.java:57)
	at sun.reflect.DelegatingMethodAccessorImpl.invoke(DelegatingMethodAccessorImpl.java:43)
	at java.lang.reflect.Method.invoke(Method.java:606)
	at org.mybatis.spring.SqlSessionTemplate$SqlSessionInterceptor.invoke(SqlSessionTemplate.java:386)
	at com.sun.proxy.$Proxy12.insert(Unknown Source)
	at org.mybatis.spring.SqlSessionTemplate.insert(SqlSessionTemplate.java:253)
	at org.apache.ibatis.binding.MapperMethod.execute(MapperMethod.java:52)
	at org.apache.ibatis.binding.MapperProxy.invoke(MapperProxy.java:53)
	at com.sun.proxy.$Proxy13.insertBlogWithMarkdown(Unknown Source)
	at com.lzx2005.dao.BlogDaoTest.insertBlogWithMarkdown(BlogDaoTest.java:32)
	at sun.reflect.NativeMethodAccessorImpl.invoke0(Native Method)
	at sun.reflect.NativeMethodAccessorImpl.invoke(NativeMethodAccessorImpl.java:57)
	at sun.reflect.DelegatingMethodAccessorImpl.invoke(DelegatingMethodAccessorImpl.java:43)
	at java.lang.reflect.Method.invoke(Method.java:606)
	at org.junit.runners.model.FrameworkMethod$1.runReflectiveCall(FrameworkMethod.java:47)
	at org.junit.internal.runners.model.ReflectiveCallable.run(ReflectiveCallable.java:12)
	at org.junit.runners.model.FrameworkMethod.invokeExplosively(FrameworkMethod.java:44)
	at org.junit.internal.runners.statements.InvokeMethod.evaluate(InvokeMethod.java:17)
	at org.springframework.test.context.junit4.statements.RunBeforeTestMethodCallbacks.evaluate(RunBeforeTestMethodCallbacks.java:73)
	at org.springframework.test.context.junit4.statements.RunAfterTestMethodCallbacks.evaluate(RunAfterTestMethodCallbacks.java:82)
	at org.springframework.test.context.junit4.statements.SpringRepeat.evaluate(SpringRepeat.java:73)
	at org.junit.runners.ParentRunner.runLeaf(ParentRunner.java:271)
	at org.springframework.test.context.junit4.SpringJUnit4ClassRunner.runChild(SpringJUnit4ClassRunner.java:224)
	at org.springframework.test.context.junit4.SpringJUnit4ClassRunner.runChild(SpringJUnit4ClassRunner.java:83)
	at org.junit.runners.ParentRunner$3.run(ParentRunner.java:238)
	at org.junit.runners.ParentRunner$1.schedule(ParentRunner.java:63)
	at org.junit.runners.ParentRunner.runChildren(ParentRunner.java:236)
	at org.junit.runners.ParentRunner.access$000(ParentRunner.java:53)
	at org.junit.runners.ParentRunner$2.evaluate(ParentRunner.java:229)
	at org.springframework.test.context.junit4.statements.RunBeforeTestClassCallbacks.evaluate(RunBeforeTestClassCallbacks.java:61)
	at org.springframework.test.context.junit4.statements.RunAfterTestClassCallbacks.evaluate(RunAfterTestClassCallbacks.java:68)
	at org.junit.runners.ParentRunner.run(ParentRunner.java:309)
	at org.springframework.test.context.junit4.SpringJUnit4ClassRunner.run(SpringJUnit4ClassRunner.java:163)
	at org.junit.runner.JUnitCore.run(JUnitCore.java:160)
	at com.intellij.junit4.JUnit4IdeaTestRunner.startRunnerWithArgs(JUnit4IdeaTestRunner.java:117)
	at com.intellij.junit4.JUnit4IdeaTestRunner.startRunnerWithArgs(JUnit4IdeaTestRunner.java:42)
	at com.intellij.rt.execution.junit.JUnitStarter.prepareStreamsAndStart(JUnitStarter.java:262)
	at com.intellij.rt.execution.junit.JUnitStarter.main(JUnitStarter.java:84)
	at sun.reflect.NativeMethodAccessorImpl.invoke0(Native Method)
	at sun.reflect.NativeMethodAccessorImpl.invoke(NativeMethodAccessorImpl.java:57)
	at sun.reflect.DelegatingMethodAccessorImpl.invoke(DelegatingMethodAccessorImpl.java:43)
	at java.lang.reflect.Method.invoke(Method.java:606)
	at com.intellij.rt.execution.application.AppMain.main(AppMain.java:147)
2016-10-31 09:03:06  [ main:944 ] - [ DEBUG ]  trace com.mchange.v2.resourcepool.BasicResourcePool@736cc760 [managed: 10, unused: 9, excluded: 0] (e.g. com.mchange.v2.c3p0.impl.NewPooledConnection@45fee545)
2016-10-31 09:03:06  [ main:991 ] - [ DEBUG ]  trace com.mchange.v2.resourcepool.BasicResourcePool@736cc760 [managed: 10, unused: 9, excluded: 0] (e.g. com.mchange.v2.c3p0.impl.NewPooledConnection@45fee545)
2016-10-31 09:03:06  [ main:995 ] - [ DEBUG ]  trace com.mchange.v2.resourcepool.BasicResourcePool@736cc760 [managed: 10, unused: 9, excluded: 0] (e.g. com.mchange.v2.c3p0.impl.NewPooledConnection@45fee545)
2016-10-31 09:03:06  [ main:995 ] - [ DEBUG ]  com.mchange.v2.c3p0.impl.NewProxyConnection@459e1c7d: close() called more than once.
2016-10-31 09:05:15  [ main:0 ] - [ INFO ]  MLog clients using log4j logging.
2016-10-31 09:05:15  [ main:172 ] - [ INFO ]  Initializing c3p0-0.9.1.2 [built 21-May-2007 15:04:56; debug? true; trace: 10]
2016-10-31 09:05:16  [ main:211 ] - [ DEBUG ]  MBean: com.mchange.v2.c3p0:type=PooledDataSource[2rxcz09k6qezbdluah93|1cd3bd82] registered.
2016-10-31 09:05:16  [ main:631 ] - [ DEBUG ]  incremented pending_acquires: 1
2016-10-31 09:05:16  [ main:631 ] - [ DEBUG ]  incremented pending_acquires: 2
2016-10-31 09:05:16  [ main:631 ] - [ DEBUG ]  incremented pending_acquires: 3
2016-10-31 09:05:16  [ main:631 ] - [ DEBUG ]  incremented pending_acquires: 4
2016-10-31 09:05:16  [ main:631 ] - [ DEBUG ]  incremented pending_acquires: 5
2016-10-31 09:05:16  [ main:631 ] - [ DEBUG ]  incremented pending_acquires: 6
2016-10-31 09:05:16  [ main:631 ] - [ DEBUG ]  incremented pending_acquires: 7
2016-10-31 09:05:16  [ main:631 ] - [ DEBUG ]  incremented pending_acquires: 8
2016-10-31 09:05:16  [ main:631 ] - [ DEBUG ]  incremented pending_acquires: 9
2016-10-31 09:05:16  [ main:631 ] - [ DEBUG ]  incremented pending_acquires: 10
2016-10-31 09:05:16  [ main:631 ] - [ DEBUG ]  com.mchange.v2.resourcepool.BasicResourcePool@8023950 config: [start -> 3; min -> 10; max -> 30; inc -> 3; num_acq_attempts -> 5; acq_attempt_delay -> 1000; check_idle_resources_delay -> 0; mox_resource_age -> 0; max_idle_time -> 0; excess_max_idle_time -> 0; destroy_unreturned_resc_time -> 0; expiration_enforcement_delay -> 0; break_on_acquisition_failure -> false; debug_store_checkout_exceptions -> false]
2016-10-31 09:05:16  [ main:632 ] - [ INFO ]  Initializing c3p0 pool... com.mchange.v2.c3p0.ComboPooledDataSource [ acquireIncrement -> 3, acquireRetryAttempts -> 5, acquireRetryDelay -> 1000, autoCommitOnClose -> false, automaticTestTable -> null, breakAfterAcquireFailure -> false, checkoutTimeout -> 5000, connectionCustomizerClassName -> null, connectionTesterClassName -> com.mchange.v2.c3p0.impl.DefaultConnectionTester, dataSourceName -> 2rxcz09k6qezbdluah93|1cd3bd82, debugUnreturnedConnectionStackTraces -> false, description -> null, driverClass -> com.mysql.jdbc.Driver, factoryClassLocation -> null, forceIgnoreUnresolvedTransactions -> false, identityToken -> 2rxcz09k6qezbdluah93|1cd3bd82, idleConnectionTestPeriod -> 0, initialPoolSize -> 3, jdbcUrl -> jdbc:mysql://localhost:3306/lzx2005?useUnicode=true&characterEncoding=utf8, maxAdministrativeTaskTime -> 0, maxConnectionAge -> 0, maxIdleTime -> 0, maxIdleTimeExcessConnections -> 0, maxPoolSize -> 30, maxStatements -> 0, maxStatementsPerConnection -> 0, minPoolSize -> 10, numHelperThreads -> 3, numThreadsAwaitingCheckoutDefaultUser -> 0, preferredTestQuery -> null, properties -> {user=******, password=******}, propertyCycle -> 0, testConnectionOnCheckin -> false, testConnectionOnCheckout -> false, unreturnedConnectionTimeout -> 0, usesTraditionalReflectiveProxies -> false ]
2016-10-31 09:05:16  [ main:632 ] - [ DEBUG ]  acquire test -- pool size: 0; target_pool_size: 10; desired target? 1
2016-10-31 09:05:16  [ main:632 ] - [ DEBUG ]  awaitAvailable(): [unknown]
2016-10-31 09:05:16  [ main:632 ] - [ DEBUG ]  trace com.mchange.v2.resourcepool.BasicResourcePool@8023950 [managed: 0, unused: 0, excluded: 0]
2016-10-31 09:05:16  [ com.mchange.v2.async.ThreadPoolAsynchronousRunner$PoolThread-#2:794 ] - [ DEBUG ]  com.mchange.v2.c3p0.impl.C3P0PooledConnectionPool$1PooledConnectionResourcePoolManager@617e38e9.acquireResource() returning. 
2016-10-31 09:05:16  [ com.mchange.v2.async.ThreadPoolAsynchronousRunner$PoolThread-#1:794 ] - [ DEBUG ]  com.mchange.v2.c3p0.impl.C3P0PooledConnectionPool$1PooledConnectionResourcePoolManager@617e38e9.acquireResource() returning. 
2016-10-31 09:05:16  [ com.mchange.v2.async.ThreadPoolAsynchronousRunner$PoolThread-#0:794 ] - [ DEBUG ]  com.mchange.v2.c3p0.impl.C3P0PooledConnectionPool$1PooledConnectionResourcePoolManager@617e38e9.acquireResource() returning. 
2016-10-31 09:05:16  [ com.mchange.v2.async.ThreadPoolAsynchronousRunner$PoolThread-#2:794 ] - [ DEBUG ]  trace com.mchange.v2.resourcepool.BasicResourcePool@8023950 [managed: 1, unused: 1, excluded: 0]
2016-10-31 09:05:16  [ com.mchange.v2.async.ThreadPoolAsynchronousRunner$PoolThread-#2:794 ] - [ DEBUG ]  decremented pending_acquires: 9
2016-10-31 09:05:16  [ com.mchange.v2.async.ThreadPoolAsynchronousRunner$PoolThread-#0:795 ] - [ DEBUG ]  trace com.mchange.v2.resourcepool.BasicResourcePool@8023950 [managed: 2, unused: 1, excluded: 0] (e.g. com.mchange.v2.c3p0.impl.NewPooledConnection@4a745a4c)
2016-10-31 09:05:16  [ com.mchange.v2.async.ThreadPoolAsynchronousRunner$PoolThread-#0:795 ] - [ DEBUG ]  decremented pending_acquires: 8
2016-10-31 09:05:16  [ com.mchange.v2.async.ThreadPoolAsynchronousRunner$PoolThread-#1:795 ] - [ DEBUG ]  trace com.mchange.v2.resourcepool.BasicResourcePool@8023950 [managed: 3, unused: 2, excluded: 0] (e.g. com.mchange.v2.c3p0.impl.NewPooledConnection@4a745a4c)
2016-10-31 09:05:16  [ com.mchange.v2.async.ThreadPoolAsynchronousRunner$PoolThread-#1:795 ] - [ DEBUG ]  decremented pending_acquires: 7
2016-10-31 09:05:16  [ main:795 ] - [ DEBUG ]  trace com.mchange.v2.resourcepool.BasicResourcePool@8023950 [managed: 3, unused: 2, excluded: 0] (e.g. com.mchange.v2.c3p0.impl.NewPooledConnection@4a745a4c)
2016-10-31 09:05:16  [ com.mchange.v2.async.ThreadPoolAsynchronousRunner$PoolThread-#0:804 ] - [ DEBUG ]  com.mchange.v2.c3p0.impl.C3P0PooledConnectionPool$1PooledConnectionResourcePoolManager@617e38e9.acquireResource() returning. 
2016-10-31 09:05:16  [ com.mchange.v2.async.ThreadPoolAsynchronousRunner$PoolThread-#2:804 ] - [ DEBUG ]  com.mchange.v2.c3p0.impl.C3P0PooledConnectionPool$1PooledConnectionResourcePoolManager@617e38e9.acquireResource() returning. 
2016-10-31 09:05:16  [ com.mchange.v2.async.ThreadPoolAsynchronousRunner$PoolThread-#0:804 ] - [ DEBUG ]  trace com.mchange.v2.resourcepool.BasicResourcePool@8023950 [managed: 4, unused: 3, excluded: 0] (e.g. com.mchange.v2.c3p0.impl.NewPooledConnection@4a745a4c)
2016-10-31 09:05:16  [ com.mchange.v2.async.ThreadPoolAsynchronousRunner$PoolThread-#2:804 ] - [ DEBUG ]  trace com.mchange.v2.resourcepool.BasicResourcePool@8023950 [managed: 5, unused: 4, excluded: 0] (e.g. com.mchange.v2.c3p0.impl.NewPooledConnection@4a745a4c)
2016-10-31 09:05:16  [ com.mchange.v2.async.ThreadPoolAsynchronousRunner$PoolThread-#2:804 ] - [ DEBUG ]  decremented pending_acquires: 6
2016-10-31 09:05:16  [ com.mchange.v2.async.ThreadPoolAsynchronousRunner$PoolThread-#0:804 ] - [ DEBUG ]  decremented pending_acquires: 5
2016-10-31 09:05:16  [ com.mchange.v2.async.ThreadPoolAsynchronousRunner$PoolThread-#1:808 ] - [ DEBUG ]  com.mchange.v2.c3p0.impl.C3P0PooledConnectionPool$1PooledConnectionResourcePoolManager@617e38e9.acquireResource() returning. 
2016-10-31 09:05:16  [ com.mchange.v2.async.ThreadPoolAsynchronousRunner$PoolThread-#1:808 ] - [ DEBUG ]  trace com.mchange.v2.resourcepool.BasicResourcePool@8023950 [managed: 6, unused: 5, excluded: 0] (e.g. com.mchange.v2.c3p0.impl.NewPooledConnection@4a745a4c)
2016-10-31 09:05:16  [ com.mchange.v2.async.ThreadPoolAsynchronousRunner$PoolThread-#1:808 ] - [ DEBUG ]  decremented pending_acquires: 4
2016-10-31 09:05:16  [ com.mchange.v2.async.ThreadPoolAsynchronousRunner$PoolThread-#0:814 ] - [ DEBUG ]  com.mchange.v2.c3p0.impl.C3P0PooledConnectionPool$1PooledConnectionResourcePoolManager@617e38e9.acquireResource() returning. 
2016-10-31 09:05:16  [ com.mchange.v2.async.ThreadPoolAsynchronousRunner$PoolThread-#0:814 ] - [ DEBUG ]  trace com.mchange.v2.resourcepool.BasicResourcePool@8023950 [managed: 7, unused: 6, excluded: 0] (e.g. com.mchange.v2.c3p0.impl.NewPooledConnection@4a745a4c)
2016-10-31 09:05:16  [ com.mchange.v2.async.ThreadPoolAsynchronousRunner$PoolThread-#0:814 ] - [ DEBUG ]  decremented pending_acquires: 3
2016-10-31 09:05:16  [ com.mchange.v2.async.ThreadPoolAsynchronousRunner$PoolThread-#1:815 ] - [ DEBUG ]  com.mchange.v2.c3p0.impl.C3P0PooledConnectionPool$1PooledConnectionResourcePoolManager@617e38e9.acquireResource() returning. 
2016-10-31 09:05:16  [ com.mchange.v2.async.ThreadPoolAsynchronousRunner$PoolThread-#1:815 ] - [ DEBUG ]  trace com.mchange.v2.resourcepool.BasicResourcePool@8023950 [managed: 8, unused: 7, excluded: 0] (e.g. com.mchange.v2.c3p0.impl.NewPooledConnection@4a745a4c)
2016-10-31 09:05:16  [ com.mchange.v2.async.ThreadPoolAsynchronousRunner$PoolThread-#1:815 ] - [ DEBUG ]  decremented pending_acquires: 2
2016-10-31 09:05:16  [ com.mchange.v2.async.ThreadPoolAsynchronousRunner$PoolThread-#2:816 ] - [ DEBUG ]  com.mchange.v2.c3p0.impl.C3P0PooledConnectionPool$1PooledConnectionResourcePoolManager@617e38e9.acquireResource() returning. 
2016-10-31 09:05:16  [ com.mchange.v2.async.ThreadPoolAsynchronousRunner$PoolThread-#2:817 ] - [ DEBUG ]  trace com.mchange.v2.resourcepool.BasicResourcePool@8023950 [managed: 9, unused: 8, excluded: 0] (e.g. com.mchange.v2.c3p0.impl.NewPooledConnection@4a745a4c)
2016-10-31 09:05:16  [ com.mchange.v2.async.ThreadPoolAsynchronousRunner$PoolThread-#2:817 ] - [ DEBUG ]  decremented pending_acquires: 1
2016-10-31 09:05:16  [ com.mchange.v2.async.ThreadPoolAsynchronousRunner$PoolThread-#0:821 ] - [ DEBUG ]  com.mchange.v2.c3p0.impl.C3P0PooledConnectionPool$1PooledConnectionResourcePoolManager@617e38e9.acquireResource() returning. 
2016-10-31 09:05:16  [ com.mchange.v2.async.ThreadPoolAsynchronousRunner$PoolThread-#0:821 ] - [ DEBUG ]  trace com.mchange.v2.resourcepool.BasicResourcePool@8023950 [managed: 10, unused: 9, excluded: 0] (e.g. com.mchange.v2.c3p0.impl.NewPooledConnection@4a745a4c)
2016-10-31 09:05:16  [ com.mchange.v2.async.ThreadPoolAsynchronousRunner$PoolThread-#0:821 ] - [ DEBUG ]  decremented pending_acquires: 0
2016-10-31 09:05:16  [ main:876 ] - [ DEBUG ]  trace com.mchange.v2.resourcepool.BasicResourcePool@8023950 [managed: 10, unused: 9, excluded: 0] (e.g. com.mchange.v2.c3p0.impl.NewPooledConnection@4a745a4c)
2016-10-31 09:06:24  [ main:0 ] - [ INFO ]  MLog clients using log4j logging.
2016-10-31 09:06:24  [ main:127 ] - [ INFO ]  Initializing c3p0-0.9.1.2 [built 21-May-2007 15:04:56; debug? true; trace: 10]
2016-10-31 09:06:24  [ main:148 ] - [ DEBUG ]  MBean: com.mchange.v2.c3p0:type=PooledDataSource[2rxcz09k6qggkj5uw6hy|12203775] registered.
2016-10-31 09:06:26  [ main:1508 ] - [ DEBUG ]  incremented pending_acquires: 1
2016-10-31 09:06:26  [ main:1508 ] - [ DEBUG ]  incremented pending_acquires: 2
2016-10-31 09:06:26  [ main:1508 ] - [ DEBUG ]  incremented pending_acquires: 3
2016-10-31 09:06:26  [ main:1508 ] - [ DEBUG ]  incremented pending_acquires: 4
2016-10-31 09:06:26  [ main:1508 ] - [ DEBUG ]  incremented pending_acquires: 5
2016-10-31 09:06:26  [ main:1509 ] - [ DEBUG ]  incremented pending_acquires: 6
2016-10-31 09:06:26  [ main:1509 ] - [ DEBUG ]  incremented pending_acquires: 7
2016-10-31 09:06:26  [ main:1509 ] - [ DEBUG ]  incremented pending_acquires: 8
2016-10-31 09:06:26  [ main:1509 ] - [ DEBUG ]  incremented pending_acquires: 9
2016-10-31 09:06:26  [ main:1509 ] - [ DEBUG ]  incremented pending_acquires: 10
2016-10-31 09:06:26  [ main:1509 ] - [ DEBUG ]  com.mchange.v2.resourcepool.BasicResourcePool@3721bf5a config: [start -> 3; min -> 10; max -> 30; inc -> 3; num_acq_attempts -> 5; acq_attempt_delay -> 1000; check_idle_resources_delay -> 0; mox_resource_age -> 0; max_idle_time -> 0; excess_max_idle_time -> 0; destroy_unreturned_resc_time -> 0; expiration_enforcement_delay -> 0; break_on_acquisition_failure -> false; debug_store_checkout_exceptions -> false]
2016-10-31 09:06:26  [ main:1512 ] - [ INFO ]  Initializing c3p0 pool... com.mchange.v2.c3p0.ComboPooledDataSource [ acquireIncrement -> 3, acquireRetryAttempts -> 5, acquireRetryDelay -> 1000, autoCommitOnClose -> false, automaticTestTable -> null, breakAfterAcquireFailure -> false, checkoutTimeout -> 5000, connectionCustomizerClassName -> null, connectionTesterClassName -> com.mchange.v2.c3p0.impl.DefaultConnectionTester, dataSourceName -> 2rxcz09k6qggkj5uw6hy|12203775, debugUnreturnedConnectionStackTraces -> false, description -> null, driverClass -> com.mysql.jdbc.Driver, factoryClassLocation -> null, forceIgnoreUnresolvedTransactions -> false, identityToken -> 2rxcz09k6qggkj5uw6hy|12203775, idleConnectionTestPeriod -> 0, initialPoolSize -> 3, jdbcUrl -> jdbc:mysql://localhost:3306/lzx2005?useUnicode=true&characterEncoding=utf8, maxAdministrativeTaskTime -> 0, maxConnectionAge -> 0, maxIdleTime -> 0, maxIdleTimeExcessConnections -> 0, maxPoolSize -> 30, maxStatements -> 0, maxStatementsPerConnection -> 0, minPoolSize -> 10, numHelperThreads -> 3, numThreadsAwaitingCheckoutDefaultUser -> 0, preferredTestQuery -> null, properties -> {user=******, password=******}, propertyCycle -> 0, testConnectionOnCheckin -> false, testConnectionOnCheckout -> false, unreturnedConnectionTimeout -> 0, usesTraditionalReflectiveProxies -> false ]
2016-10-31 09:06:26  [ main:1512 ] - [ DEBUG ]  acquire test -- pool size: 0; target_pool_size: 10; desired target? 1
2016-10-31 09:06:26  [ main:1512 ] - [ DEBUG ]  awaitAvailable(): [unknown]
2016-10-31 09:06:26  [ main:1515 ] - [ DEBUG ]  trace com.mchange.v2.resourcepool.BasicResourcePool@3721bf5a [managed: 0, unused: 0, excluded: 0]
2016-10-31 09:06:26  [ com.mchange.v2.async.ThreadPoolAsynchronousRunner$PoolThread-#1:1769 ] - [ DEBUG ]  com.mchange.v2.c3p0.impl.C3P0PooledConnectionPool$1PooledConnectionResourcePoolManager@7172df52.acquireResource() returning. 
2016-10-31 09:06:26  [ com.mchange.v2.async.ThreadPoolAsynchronousRunner$PoolThread-#2:1769 ] - [ DEBUG ]  com.mchange.v2.c3p0.impl.C3P0PooledConnectionPool$1PooledConnectionResourcePoolManager@7172df52.acquireResource() returning. 
2016-10-31 09:06:26  [ com.mchange.v2.async.ThreadPoolAsynchronousRunner$PoolThread-#0:1769 ] - [ DEBUG ]  com.mchange.v2.c3p0.impl.C3P0PooledConnectionPool$1PooledConnectionResourcePoolManager@7172df52.acquireResource() returning. 
2016-10-31 09:06:26  [ com.mchange.v2.async.ThreadPoolAsynchronousRunner$PoolThread-#1:1789 ] - [ DEBUG ]  trace com.mchange.v2.resourcepool.BasicResourcePool@3721bf5a [managed: 1, unused: 1, excluded: 0]
2016-10-31 09:06:26  [ com.mchange.v2.async.ThreadPoolAsynchronousRunner$PoolThread-#1:1789 ] - [ DEBUG ]  decremented pending_acquires: 9
2016-10-31 09:06:26  [ com.mchange.v2.async.ThreadPoolAsynchronousRunner$PoolThread-#0:1789 ] - [ DEBUG ]  trace com.mchange.v2.resourcepool.BasicResourcePool@3721bf5a [managed: 2, unused: 1, excluded: 0] (e.g. com.mchange.v2.c3p0.impl.NewPooledConnection@11c1576e)
2016-10-31 09:06:26  [ com.mchange.v2.async.ThreadPoolAsynchronousRunner$PoolThread-#0:1789 ] - [ DEBUG ]  decremented pending_acquires: 8
2016-10-31 09:06:26  [ com.mchange.v2.async.ThreadPoolAsynchronousRunner$PoolThread-#2:1790 ] - [ DEBUG ]  trace com.mchange.v2.resourcepool.BasicResourcePool@3721bf5a [managed: 3, unused: 2, excluded: 0] (e.g. com.mchange.v2.c3p0.impl.NewPooledConnection@11c1576e)
2016-10-31 09:06:26  [ com.mchange.v2.async.ThreadPoolAsynchronousRunner$PoolThread-#2:1790 ] - [ DEBUG ]  decremented pending_acquires: 7
2016-10-31 09:06:26  [ main:1790 ] - [ DEBUG ]  trace com.mchange.v2.resourcepool.BasicResourcePool@3721bf5a [managed: 3, unused: 2, excluded: 0] (e.g. com.mchange.v2.c3p0.impl.NewPooledConnection@11c1576e)
2016-10-31 09:06:26  [ com.mchange.v2.async.ThreadPoolAsynchronousRunner$PoolThread-#0:1800 ] - [ DEBUG ]  com.mchange.v2.c3p0.impl.C3P0PooledConnectionPool$1PooledConnectionResourcePoolManager@7172df52.acquireResource() returning. 
2016-10-31 09:06:26  [ com.mchange.v2.async.ThreadPoolAsynchronousRunner$PoolThread-#0:1800 ] - [ DEBUG ]  trace com.mchange.v2.resourcepool.BasicResourcePool@3721bf5a [managed: 4, unused: 3, excluded: 0] (e.g. com.mchange.v2.c3p0.impl.NewPooledConnection@11c1576e)
2016-10-31 09:06:26  [ com.mchange.v2.async.ThreadPoolAsynchronousRunner$PoolThread-#0:1800 ] - [ DEBUG ]  decremented pending_acquires: 6
2016-10-31 09:06:26  [ com.mchange.v2.async.ThreadPoolAsynchronousRunner$PoolThread-#2:1805 ] - [ DEBUG ]  com.mchange.v2.c3p0.impl.C3P0PooledConnectionPool$1PooledConnectionResourcePoolManager@7172df52.acquireResource() returning. 
2016-10-31 09:06:26  [ com.mchange.v2.async.ThreadPoolAsynchronousRunner$PoolThread-#2:1806 ] - [ DEBUG ]  trace com.mchange.v2.resourcepool.BasicResourcePool@3721bf5a [managed: 5, unused: 4, excluded: 0] (e.g. com.mchange.v2.c3p0.impl.NewPooledConnection@11c1576e)
2016-10-31 09:06:26  [ com.mchange.v2.async.ThreadPoolAsynchronousRunner$PoolThread-#2:1806 ] - [ DEBUG ]  decremented pending_acquires: 5
2016-10-31 09:06:26  [ com.mchange.v2.async.ThreadPoolAsynchronousRunner$PoolThread-#0:1825 ] - [ DEBUG ]  com.mchange.v2.c3p0.impl.C3P0PooledConnectionPool$1PooledConnectionResourcePoolManager@7172df52.acquireResource() returning. 
2016-10-31 09:06:26  [ com.mchange.v2.async.ThreadPoolAsynchronousRunner$PoolThread-#0:1825 ] - [ DEBUG ]  trace com.mchange.v2.resourcepool.BasicResourcePool@3721bf5a [managed: 6, unused: 5, excluded: 0] (e.g. com.mchange.v2.c3p0.impl.NewPooledConnection@11c1576e)
2016-10-31 09:06:26  [ com.mchange.v2.async.ThreadPoolAsynchronousRunner$PoolThread-#0:1825 ] - [ DEBUG ]  decremented pending_acquires: 4
2016-10-31 09:06:26  [ com.mchange.v2.async.ThreadPoolAsynchronousRunner$PoolThread-#2:1826 ] - [ DEBUG ]  com.mchange.v2.c3p0.impl.C3P0PooledConnectionPool$1PooledConnectionResourcePoolManager@7172df52.acquireResource() returning. 
2016-10-31 09:06:26  [ com.mchange.v2.async.ThreadPoolAsynchronousRunner$PoolThread-#1:1826 ] - [ DEBUG ]  com.mchange.v2.c3p0.impl.C3P0PooledConnectionPool$1PooledConnectionResourcePoolManager@7172df52.acquireResource() returning. 
2016-10-31 09:06:26  [ com.mchange.v2.async.ThreadPoolAsynchronousRunner$PoolThread-#2:1826 ] - [ DEBUG ]  trace com.mchange.v2.resourcepool.BasicResourcePool@3721bf5a [managed: 7, unused: 6, excluded: 0] (e.g. com.mchange.v2.c3p0.impl.NewPooledConnection@11c1576e)
2016-10-31 09:06:26  [ com.mchange.v2.async.ThreadPoolAsynchronousRunner$PoolThread-#1:1826 ] - [ DEBUG ]  trace com.mchange.v2.resourcepool.BasicResourcePool@3721bf5a [managed: 8, unused: 7, excluded: 0] (e.g. com.mchange.v2.c3p0.impl.NewPooledConnection@11c1576e)
2016-10-31 09:06:26  [ com.mchange.v2.async.ThreadPoolAsynchronousRunner$PoolThread-#1:1826 ] - [ DEBUG ]  decremented pending_acquires: 3
2016-10-31 09:06:26  [ com.mchange.v2.async.ThreadPoolAsynchronousRunner$PoolThread-#2:1826 ] - [ DEBUG ]  decremented pending_acquires: 2
2016-10-31 09:06:26  [ com.mchange.v2.async.ThreadPoolAsynchronousRunner$PoolThread-#0:1831 ] - [ DEBUG ]  com.mchange.v2.c3p0.impl.C3P0PooledConnectionPool$1PooledConnectionResourcePoolManager@7172df52.acquireResource() returning. 
2016-10-31 09:06:26  [ com.mchange.v2.async.ThreadPoolAsynchronousRunner$PoolThread-#1:1831 ] - [ DEBUG ]  com.mchange.v2.c3p0.impl.C3P0PooledConnectionPool$1PooledConnectionResourcePoolManager@7172df52.acquireResource() returning. 
2016-10-31 09:06:26  [ com.mchange.v2.async.ThreadPoolAsynchronousRunner$PoolThread-#0:1831 ] - [ DEBUG ]  trace com.mchange.v2.resourcepool.BasicResourcePool@3721bf5a [managed: 9, unused: 8, excluded: 0] (e.g. com.mchange.v2.c3p0.impl.NewPooledConnection@11c1576e)
2016-10-31 09:06:26  [ com.mchange.v2.async.ThreadPoolAsynchronousRunner$PoolThread-#1:1831 ] - [ DEBUG ]  trace com.mchange.v2.resourcepool.BasicResourcePool@3721bf5a [managed: 10, unused: 9, excluded: 0] (e.g. com.mchange.v2.c3p0.impl.NewPooledConnection@11c1576e)
2016-10-31 09:06:26  [ com.mchange.v2.async.ThreadPoolAsynchronousRunner$PoolThread-#1:1831 ] - [ DEBUG ]  decremented pending_acquires: 1
2016-10-31 09:06:26  [ com.mchange.v2.async.ThreadPoolAsynchronousRunner$PoolThread-#0:1831 ] - [ DEBUG ]  decremented pending_acquires: 0
2016-10-31 09:06:26  [ main:1913 ] - [ DEBUG ]  trace com.mchange.v2.resourcepool.BasicResourcePool@3721bf5a [managed: 10, unused: 9, excluded: 0] (e.g. com.mchange.v2.c3p0.impl.NewPooledConnection@11c1576e)
